<?xml version="1.0" encoding="UTF-8"?>
<testng-results skipped="0" failed="7" total="12" passed="5">
  <reporter-output>
    <line>
      <![CDATA[Ready to run suite : Default suite]]>
    </line>
    <line>
      <![CDATA[Ready to run suite : Default suite]]>
    </line>
    <line>
      <![CDATA[Test is about to run: Default test]]>
    </line>
    <line>
      <![CDATA[Method is about to run: org.testng.internal.ConfigurationMethod, beforeClass]]>
    </line>
    <line>
      <![CDATA[Method is about to run: org.testng.internal.ConfigurationMethod, beforeClass]]>
    </line>
    <line>
      <![CDATA[org.testng.internal.InvokedMethod, loginLogoutDataDriveTesintUsingTestNG.beforeClass()[pri:0, instance:testNG.loginLogoutDataDriveTesintUsingTestNG@1e397ed7]]]>
    </line>
    <line>
      <![CDATA[org.testng.internal.InvokedMethod, loginLogoutDataDriveTesintUsingTestNG.beforeClass()[pri:0, instance:testNG.loginLogoutDataDriveTesintUsingTestNG@1e397ed7]]]>
    </line>
    <line>
      <![CDATA[Method is about to run: org.testng.internal.ConfigurationMethod, beforeTest]]>
    </line>
    <line>
      <![CDATA[Method is about to run: org.testng.internal.ConfigurationMethod, beforeTest]]>
    </line>
    <line>
      <![CDATA[org.testng.internal.InvokedMethod, loginLogoutDataDriveTesintUsingTestNG.beforeTest()[pri:0, instance:testNG.loginLogoutDataDriveTesintUsingTestNG@1e397ed7]]]>
    </line>
    <line>
      <![CDATA[org.testng.internal.InvokedMethod, loginLogoutDataDriveTesintUsingTestNG.beforeTest()[pri:0, instance:testNG.loginLogoutDataDriveTesintUsingTestNG@1e397ed7]]]>
    </line>
    <line>
      <![CDATA[This test is : testNG.loginLogoutDataDriveTesintUsingTestNG]]>
    </line>
    <line>
      <![CDATA[The current parameter methods are : , a, a]]>
    </line>
    <line>
      <![CDATA[ Status of the test is: Started]]>
    </line>
    <line>
      <![CDATA[Method is about to run: org.testng.internal.TestNGMethod, loginLogoutTestWithCorrectCredencials]]>
    </line>
    <line>
      <![CDATA[Method is about to run: org.testng.internal.TestNGMethod, loginLogoutTestWithCorrectCredencials]]>
    </line>
    <line>
      <![CDATA[org.testng.internal.InvokedMethod, loginLogoutDataDriveTesintUsingTestNG.loginLogoutTestWithCorrectCredencials(java.lang.String, java.lang.String)[pri:0, instance:testNG.loginLogoutDataDriveTesintUsingTestNG@1e397ed7]]]>
    </line>
    <line>
      <![CDATA[org.testng.internal.InvokedMethod, loginLogoutDataDriveTesintUsingTestNG.loginLogoutTestWithCorrectCredencials(java.lang.String, java.lang.String)[pri:0, instance:testNG.loginLogoutDataDriveTesintUsingTestNG@1e397ed7]]]>
    </line>
    <line>
      <![CDATA[This test is : testNG.loginLogoutDataDriveTesintUsingTestNG]]>
    </line>
    <line>
      <![CDATA[The current parameter methods are : , a, a]]>
    </line>
    <line>
      <![CDATA[ Status of the test is: Success]]>
    </line>
    <line>
      <![CDATA[Method is about to run: org.testng.internal.ConfigurationMethod, beforeTest]]>
    </line>
    <line>
      <![CDATA[Method is about to run: org.testng.internal.ConfigurationMethod, beforeTest]]>
    </line>
    <line>
      <![CDATA[org.testng.internal.InvokedMethod, loginLogoutDataDriveTesintUsingTestNG.beforeTest()[pri:0, instance:testNG.loginLogoutDataDriveTesintUsingTestNG@1e397ed7]]]>
    </line>
    <line>
      <![CDATA[org.testng.internal.InvokedMethod, loginLogoutDataDriveTesintUsingTestNG.beforeTest()[pri:0, instance:testNG.loginLogoutDataDriveTesintUsingTestNG@1e397ed7]]]>
    </line>
    <line>
      <![CDATA[This test is : testNG.loginLogoutDataDriveTesintUsingTestNG]]>
    </line>
    <line>
      <![CDATA[The current parameter methods are : , b, b]]>
    </line>
    <line>
      <![CDATA[ Status of the test is: Started]]>
    </line>
    <line>
      <![CDATA[Method is about to run: org.testng.internal.TestNGMethod, loginLogoutTestWithCorrectCredencials]]>
    </line>
    <line>
      <![CDATA[Method is about to run: org.testng.internal.TestNGMethod, loginLogoutTestWithCorrectCredencials]]>
    </line>
    <line>
      <![CDATA[org.testng.internal.InvokedMethod, loginLogoutDataDriveTesintUsingTestNG.loginLogoutTestWithCorrectCredencials(java.lang.String, java.lang.String)[pri:0, instance:testNG.loginLogoutDataDriveTesintUsingTestNG@1e397ed7]]]>
    </line>
    <line>
      <![CDATA[org.testng.internal.InvokedMethod, loginLogoutDataDriveTesintUsingTestNG.loginLogoutTestWithCorrectCredencials(java.lang.String, java.lang.String)[pri:0, instance:testNG.loginLogoutDataDriveTesintUsingTestNG@1e397ed7]]]>
    </line>
    <line>
      <![CDATA[This test is : testNG.loginLogoutDataDriveTesintUsingTestNG]]>
    </line>
    <line>
      <![CDATA[The current parameter methods are : , b, b]]>
    </line>
    <line>
      <![CDATA[ Status of the test is: Success]]>
    </line>
    <line>
      <![CDATA[Method is about to run: org.testng.internal.ConfigurationMethod, beforeTest]]>
    </line>
    <line>
      <![CDATA[Method is about to run: org.testng.internal.ConfigurationMethod, beforeTest]]>
    </line>
    <line>
      <![CDATA[org.testng.internal.InvokedMethod, loginLogoutDataDriveTesintUsingTestNG.beforeTest()[pri:0, instance:testNG.loginLogoutDataDriveTesintUsingTestNG@1e397ed7]]]>
    </line>
    <line>
      <![CDATA[org.testng.internal.InvokedMethod, loginLogoutDataDriveTesintUsingTestNG.beforeTest()[pri:0, instance:testNG.loginLogoutDataDriveTesintUsingTestNG@1e397ed7]]]>
    </line>
    <line>
      <![CDATA[This test is : testNG.loginLogoutDataDriveTesintUsingTestNG]]>
    </line>
    <line>
      <![CDATA[The current parameter methods are : , c, c]]>
    </line>
    <line>
      <![CDATA[ Status of the test is: Started]]>
    </line>
    <line>
      <![CDATA[Method is about to run: org.testng.internal.TestNGMethod, loginLogoutTestWithCorrectCredencials]]>
    </line>
    <line>
      <![CDATA[Method is about to run: org.testng.internal.TestNGMethod, loginLogoutTestWithCorrectCredencials]]>
    </line>
    <line>
      <![CDATA[org.testng.internal.InvokedMethod, loginLogoutDataDriveTesintUsingTestNG.loginLogoutTestWithCorrectCredencials(java.lang.String, java.lang.String)[pri:0, instance:testNG.loginLogoutDataDriveTesintUsingTestNG@1e397ed7]]]>
    </line>
    <line>
      <![CDATA[org.testng.internal.InvokedMethod, loginLogoutDataDriveTesintUsingTestNG.loginLogoutTestWithCorrectCredencials(java.lang.String, java.lang.String)[pri:0, instance:testNG.loginLogoutDataDriveTesintUsingTestNG@1e397ed7]]]>
    </line>
    <line>
      <![CDATA[This test is : testNG.loginLogoutDataDriveTesintUsingTestNG]]>
    </line>
    <line>
      <![CDATA[The current parameter methods are : , c, c]]>
    </line>
    <line>
      <![CDATA[ Status of the test is: Success]]>
    </line>
    <line>
      <![CDATA[Method is about to run: org.testng.internal.ConfigurationMethod, beforeTest]]>
    </line>
    <line>
      <![CDATA[Method is about to run: org.testng.internal.ConfigurationMethod, beforeTest]]>
    </line>
    <line>
      <![CDATA[org.testng.internal.InvokedMethod, loginLogoutDataDriveTesintUsingTestNG.beforeTest()[pri:0, instance:testNG.loginLogoutDataDriveTesintUsingTestNG@1e397ed7]]]>
    </line>
    <line>
      <![CDATA[org.testng.internal.InvokedMethod, loginLogoutDataDriveTesintUsingTestNG.beforeTest()[pri:0, instance:testNG.loginLogoutDataDriveTesintUsingTestNG@1e397ed7]]]>
    </line>
    <line>
      <![CDATA[This test is : testNG.loginLogoutDataDriveTesintUsingTestNG]]>
    </line>
    <line>
      <![CDATA[The current parameter methods are : , d, ddsf]]>
    </line>
    <line>
      <![CDATA[ Status of the test is: Started]]>
    </line>
    <line>
      <![CDATA[Method is about to run: org.testng.internal.TestNGMethod, loginLogoutTestWithCorrectCredencials]]>
    </line>
    <line>
      <![CDATA[Method is about to run: org.testng.internal.TestNGMethod, loginLogoutTestWithCorrectCredencials]]>
    </line>
    <line>
      <![CDATA[org.testng.internal.InvokedMethod, loginLogoutDataDriveTesintUsingTestNG.loginLogoutTestWithCorrectCredencials(java.lang.String, java.lang.String)[pri:0, instance:testNG.loginLogoutDataDriveTesintUsingTestNG@1e397ed7]]]>
    </line>
    <line>
      <![CDATA[org.testng.internal.InvokedMethod, loginLogoutDataDriveTesintUsingTestNG.loginLogoutTestWithCorrectCredencials(java.lang.String, java.lang.String)[pri:0, instance:testNG.loginLogoutDataDriveTesintUsingTestNG@1e397ed7]]]>
    </line>
    <line>
      <![CDATA[This test is : testNG.loginLogoutDataDriveTesintUsingTestNG]]>
    </line>
    <line>
      <![CDATA[The current parameter methods are : , d, ddsf]]>
    </line>
    <line>
      <![CDATA[ Status of the test is: Failed]]>
    </line>
    <line>
      <![CDATA[Method is about to run: org.testng.internal.ConfigurationMethod, beforeTest]]>
    </line>
    <line>
      <![CDATA[Method is about to run: org.testng.internal.ConfigurationMethod, beforeTest]]>
    </line>
    <line>
      <![CDATA[org.testng.internal.InvokedMethod, loginLogoutDataDriveTesintUsingTestNG.beforeTest()[pri:0, instance:testNG.loginLogoutDataDriveTesintUsingTestNG@1e397ed7]]]>
    </line>
    <line>
      <![CDATA[org.testng.internal.InvokedMethod, loginLogoutDataDriveTesintUsingTestNG.beforeTest()[pri:0, instance:testNG.loginLogoutDataDriveTesintUsingTestNG@1e397ed7]]]>
    </line>
    <line>
      <![CDATA[This test is : testNG.loginLogoutDataDriveTesintUsingTestNG]]>
    </line>
    <line>
      <![CDATA[The current parameter methods are : , e, e]]>
    </line>
    <line>
      <![CDATA[ Status of the test is: Started]]>
    </line>
    <line>
      <![CDATA[Method is about to run: org.testng.internal.TestNGMethod, loginLogoutTestWithCorrectCredencials]]>
    </line>
    <line>
      <![CDATA[Method is about to run: org.testng.internal.TestNGMethod, loginLogoutTestWithCorrectCredencials]]>
    </line>
    <line>
      <![CDATA[org.testng.internal.InvokedMethod, loginLogoutDataDriveTesintUsingTestNG.loginLogoutTestWithCorrectCredencials(java.lang.String, java.lang.String)[pri:0, instance:testNG.loginLogoutDataDriveTesintUsingTestNG@1e397ed7]]]>
    </line>
    <line>
      <![CDATA[org.testng.internal.InvokedMethod, loginLogoutDataDriveTesintUsingTestNG.loginLogoutTestWithCorrectCredencials(java.lang.String, java.lang.String)[pri:0, instance:testNG.loginLogoutDataDriveTesintUsingTestNG@1e397ed7]]]>
    </line>
    <line>
      <![CDATA[This test is : testNG.loginLogoutDataDriveTesintUsingTestNG]]>
    </line>
    <line>
      <![CDATA[The current parameter methods are : , e, e]]>
    </line>
    <line>
      <![CDATA[ Status of the test is: Success]]>
    </line>
    <line>
      <![CDATA[Method is about to run: org.testng.internal.ConfigurationMethod, beforeTest]]>
    </line>
    <line>
      <![CDATA[Method is about to run: org.testng.internal.ConfigurationMethod, beforeTest]]>
    </line>
    <line>
      <![CDATA[org.testng.internal.InvokedMethod, loginLogoutDataDriveTesintUsingTestNG.beforeTest()[pri:0, instance:testNG.loginLogoutDataDriveTesintUsingTestNG@1e397ed7]]]>
    </line>
    <line>
      <![CDATA[org.testng.internal.InvokedMethod, loginLogoutDataDriveTesintUsingTestNG.beforeTest()[pri:0, instance:testNG.loginLogoutDataDriveTesintUsingTestNG@1e397ed7]]]>
    </line>
    <line>
      <![CDATA[This test is : testNG.loginLogoutDataDriveTesintUsingTestNG]]>
    </line>
    <line>
      <![CDATA[The current parameter methods are : , f, f]]>
    </line>
    <line>
      <![CDATA[ Status of the test is: Started]]>
    </line>
    <line>
      <![CDATA[Method is about to run: org.testng.internal.TestNGMethod, loginLogoutTestWithCorrectCredencials]]>
    </line>
    <line>
      <![CDATA[Method is about to run: org.testng.internal.TestNGMethod, loginLogoutTestWithCorrectCredencials]]>
    </line>
    <line>
      <![CDATA[org.testng.internal.InvokedMethod, loginLogoutDataDriveTesintUsingTestNG.loginLogoutTestWithCorrectCredencials(java.lang.String, java.lang.String)[pri:0, instance:testNG.loginLogoutDataDriveTesintUsingTestNG@1e397ed7]]]>
    </line>
    <line>
      <![CDATA[org.testng.internal.InvokedMethod, loginLogoutDataDriveTesintUsingTestNG.loginLogoutTestWithCorrectCredencials(java.lang.String, java.lang.String)[pri:0, instance:testNG.loginLogoutDataDriveTesintUsingTestNG@1e397ed7]]]>
    </line>
    <line>
      <![CDATA[This test is : testNG.loginLogoutDataDriveTesintUsingTestNG]]>
    </line>
    <line>
      <![CDATA[The current parameter methods are : , f, f]]>
    </line>
    <line>
      <![CDATA[ Status of the test is: Failed]]>
    </line>
    <line>
      <![CDATA[Method is about to run: org.testng.internal.ConfigurationMethod, beforeTest]]>
    </line>
    <line>
      <![CDATA[Method is about to run: org.testng.internal.ConfigurationMethod, beforeTest]]>
    </line>
    <line>
      <![CDATA[org.testng.internal.InvokedMethod, loginLogoutDataDriveTesintUsingTestNG.beforeTest()[pri:0, instance:testNG.loginLogoutDataDriveTesintUsingTestNG@1e397ed7]]]>
    </line>
    <line>
      <![CDATA[org.testng.internal.InvokedMethod, loginLogoutDataDriveTesintUsingTestNG.beforeTest()[pri:0, instance:testNG.loginLogoutDataDriveTesintUsingTestNG@1e397ed7]]]>
    </line>
    <line>
      <![CDATA[This test is : testNG.loginLogoutDataDriveTesintUsingTestNG]]>
    </line>
    <line>
      <![CDATA[The current parameter methods are : , awerew, a]]>
    </line>
    <line>
      <![CDATA[ Status of the test is: Started]]>
    </line>
    <line>
      <![CDATA[Method is about to run: org.testng.internal.TestNGMethod, loginLogoutTestWtihIncorrectCredencials]]>
    </line>
    <line>
      <![CDATA[Method is about to run: org.testng.internal.TestNGMethod, loginLogoutTestWtihIncorrectCredencials]]>
    </line>
    <line>
      <![CDATA[org.testng.internal.InvokedMethod, loginLogoutDataDriveTesintUsingTestNG.loginLogoutTestWtihIncorrectCredencials(java.lang.String, java.lang.String)[pri:0, instance:testNG.loginLogoutDataDriveTesintUsingTestNG@1e397ed7]]]>
    </line>
    <line>
      <![CDATA[org.testng.internal.InvokedMethod, loginLogoutDataDriveTesintUsingTestNG.loginLogoutTestWtihIncorrectCredencials(java.lang.String, java.lang.String)[pri:0, instance:testNG.loginLogoutDataDriveTesintUsingTestNG@1e397ed7]]]>
    </line>
    <line>
      <![CDATA[This test is : testNG.loginLogoutDataDriveTesintUsingTestNG]]>
    </line>
    <line>
      <![CDATA[The current parameter methods are : , awerew, a]]>
    </line>
    <line>
      <![CDATA[ Status of the test is: Success]]>
    </line>
    <line>
      <![CDATA[Method is about to run: org.testng.internal.ConfigurationMethod, beforeTest]]>
    </line>
    <line>
      <![CDATA[Method is about to run: org.testng.internal.ConfigurationMethod, beforeTest]]>
    </line>
    <line>
      <![CDATA[org.testng.internal.InvokedMethod, loginLogoutDataDriveTesintUsingTestNG.beforeTest()[pri:0, instance:testNG.loginLogoutDataDriveTesintUsingTestNG@1e397ed7]]]>
    </line>
    <line>
      <![CDATA[org.testng.internal.InvokedMethod, loginLogoutDataDriveTesintUsingTestNG.beforeTest()[pri:0, instance:testNG.loginLogoutDataDriveTesintUsingTestNG@1e397ed7]]]>
    </line>
    <line>
      <![CDATA[This test is : testNG.loginLogoutDataDriveTesintUsingTestNG]]>
    </line>
    <line>
      <![CDATA[The current parameter methods are : ,  , b]]>
    </line>
    <line>
      <![CDATA[ Status of the test is: Started]]>
    </line>
    <line>
      <![CDATA[Method is about to run: org.testng.internal.TestNGMethod, loginLogoutTestWtihIncorrectCredencials]]>
    </line>
    <line>
      <![CDATA[Method is about to run: org.testng.internal.TestNGMethod, loginLogoutTestWtihIncorrectCredencials]]>
    </line>
    <line>
      <![CDATA[org.testng.internal.InvokedMethod, loginLogoutDataDriveTesintUsingTestNG.loginLogoutTestWtihIncorrectCredencials(java.lang.String, java.lang.String)[pri:0, instance:testNG.loginLogoutDataDriveTesintUsingTestNG@1e397ed7]]]>
    </line>
    <line>
      <![CDATA[org.testng.internal.InvokedMethod, loginLogoutDataDriveTesintUsingTestNG.loginLogoutTestWtihIncorrectCredencials(java.lang.String, java.lang.String)[pri:0, instance:testNG.loginLogoutDataDriveTesintUsingTestNG@1e397ed7]]]>
    </line>
    <line>
      <![CDATA[This test is : testNG.loginLogoutDataDriveTesintUsingTestNG]]>
    </line>
    <line>
      <![CDATA[The current parameter methods are : ,  , b]]>
    </line>
    <line>
      <![CDATA[ Status of the test is: Failed]]>
    </line>
    <line>
      <![CDATA[Method is about to run: org.testng.internal.ConfigurationMethod, beforeTest]]>
    </line>
    <line>
      <![CDATA[Method is about to run: org.testng.internal.ConfigurationMethod, beforeTest]]>
    </line>
    <line>
      <![CDATA[org.testng.internal.InvokedMethod, loginLogoutDataDriveTesintUsingTestNG.beforeTest()[pri:0, instance:testNG.loginLogoutDataDriveTesintUsingTestNG@1e397ed7]]]>
    </line>
    <line>
      <![CDATA[org.testng.internal.InvokedMethod, loginLogoutDataDriveTesintUsingTestNG.beforeTest()[pri:0, instance:testNG.loginLogoutDataDriveTesintUsingTestNG@1e397ed7]]]>
    </line>
    <line>
      <![CDATA[This test is : testNG.loginLogoutDataDriveTesintUsingTestNG]]>
    </line>
    <line>
      <![CDATA[The current parameter methods are : , c, c]]>
    </line>
    <line>
      <![CDATA[ Status of the test is: Started]]>
    </line>
    <line>
      <![CDATA[Method is about to run: org.testng.internal.TestNGMethod, loginLogoutTestWtihIncorrectCredencials]]>
    </line>
    <line>
      <![CDATA[Method is about to run: org.testng.internal.TestNGMethod, loginLogoutTestWtihIncorrectCredencials]]>
    </line>
    <line>
      <![CDATA[org.testng.internal.InvokedMethod, loginLogoutDataDriveTesintUsingTestNG.loginLogoutTestWtihIncorrectCredencials(java.lang.String, java.lang.String)[pri:0, instance:testNG.loginLogoutDataDriveTesintUsingTestNG@1e397ed7]]]>
    </line>
    <line>
      <![CDATA[org.testng.internal.InvokedMethod, loginLogoutDataDriveTesintUsingTestNG.loginLogoutTestWtihIncorrectCredencials(java.lang.String, java.lang.String)[pri:0, instance:testNG.loginLogoutDataDriveTesintUsingTestNG@1e397ed7]]]>
    </line>
    <line>
      <![CDATA[This test is : testNG.loginLogoutDataDriveTesintUsingTestNG]]>
    </line>
    <line>
      <![CDATA[The current parameter methods are : , c, c]]>
    </line>
    <line>
      <![CDATA[ Status of the test is: Failed]]>
    </line>
    <line>
      <![CDATA[Method is about to run: org.testng.internal.ConfigurationMethod, beforeTest]]>
    </line>
    <line>
      <![CDATA[Method is about to run: org.testng.internal.ConfigurationMethod, beforeTest]]>
    </line>
    <line>
      <![CDATA[org.testng.internal.InvokedMethod, loginLogoutDataDriveTesintUsingTestNG.beforeTest()[pri:0, instance:testNG.loginLogoutDataDriveTesintUsingTestNG@1e397ed7]]]>
    </line>
    <line>
      <![CDATA[org.testng.internal.InvokedMethod, loginLogoutDataDriveTesintUsingTestNG.beforeTest()[pri:0, instance:testNG.loginLogoutDataDriveTesintUsingTestNG@1e397ed7]]]>
    </line>
    <line>
      <![CDATA[This test is : testNG.loginLogoutDataDriveTesintUsingTestNG]]>
    </line>
    <line>
      <![CDATA[The current parameter methods are : , d%^7rtyrty, d]]>
    </line>
    <line>
      <![CDATA[ Status of the test is: Started]]>
    </line>
    <line>
      <![CDATA[Method is about to run: org.testng.internal.TestNGMethod, loginLogoutTestWtihIncorrectCredencials]]>
    </line>
    <line>
      <![CDATA[Method is about to run: org.testng.internal.TestNGMethod, loginLogoutTestWtihIncorrectCredencials]]>
    </line>
    <line>
      <![CDATA[org.testng.internal.InvokedMethod, loginLogoutDataDriveTesintUsingTestNG.loginLogoutTestWtihIncorrectCredencials(java.lang.String, java.lang.String)[pri:0, instance:testNG.loginLogoutDataDriveTesintUsingTestNG@1e397ed7]]]>
    </line>
    <line>
      <![CDATA[org.testng.internal.InvokedMethod, loginLogoutDataDriveTesintUsingTestNG.loginLogoutTestWtihIncorrectCredencials(java.lang.String, java.lang.String)[pri:0, instance:testNG.loginLogoutDataDriveTesintUsingTestNG@1e397ed7]]]>
    </line>
    <line>
      <![CDATA[This test is : testNG.loginLogoutDataDriveTesintUsingTestNG]]>
    </line>
    <line>
      <![CDATA[The current parameter methods are : , d%^7rtyrty, d]]>
    </line>
    <line>
      <![CDATA[ Status of the test is: Failed]]>
    </line>
    <line>
      <![CDATA[Method is about to run: org.testng.internal.ConfigurationMethod, beforeTest]]>
    </line>
    <line>
      <![CDATA[Method is about to run: org.testng.internal.ConfigurationMethod, beforeTest]]>
    </line>
    <line>
      <![CDATA[org.testng.internal.InvokedMethod, loginLogoutDataDriveTesintUsingTestNG.beforeTest()[pri:0, instance:testNG.loginLogoutDataDriveTesintUsingTestNG@1e397ed7]]]>
    </line>
    <line>
      <![CDATA[org.testng.internal.InvokedMethod, loginLogoutDataDriveTesintUsingTestNG.beforeTest()[pri:0, instance:testNG.loginLogoutDataDriveTesintUsingTestNG@1e397ed7]]]>
    </line>
    <line>
      <![CDATA[This test is : testNG.loginLogoutDataDriveTesintUsingTestNG]]>
    </line>
    <line>
      <![CDATA[The current parameter methods are : , e13311, e]]>
    </line>
    <line>
      <![CDATA[ Status of the test is: Started]]>
    </line>
    <line>
      <![CDATA[Method is about to run: org.testng.internal.TestNGMethod, loginLogoutTestWtihIncorrectCredencials]]>
    </line>
    <line>
      <![CDATA[Method is about to run: org.testng.internal.TestNGMethod, loginLogoutTestWtihIncorrectCredencials]]>
    </line>
    <line>
      <![CDATA[org.testng.internal.InvokedMethod, loginLogoutDataDriveTesintUsingTestNG.loginLogoutTestWtihIncorrectCredencials(java.lang.String, java.lang.String)[pri:0, instance:testNG.loginLogoutDataDriveTesintUsingTestNG@1e397ed7]]]>
    </line>
    <line>
      <![CDATA[org.testng.internal.InvokedMethod, loginLogoutDataDriveTesintUsingTestNG.loginLogoutTestWtihIncorrectCredencials(java.lang.String, java.lang.String)[pri:0, instance:testNG.loginLogoutDataDriveTesintUsingTestNG@1e397ed7]]]>
    </line>
    <line>
      <![CDATA[This test is : testNG.loginLogoutDataDriveTesintUsingTestNG]]>
    </line>
    <line>
      <![CDATA[The current parameter methods are : , e13311, e]]>
    </line>
    <line>
      <![CDATA[ Status of the test is: Failed]]>
    </line>
    <line>
      <![CDATA[Method is about to run: org.testng.internal.ConfigurationMethod, beforeTest]]>
    </line>
    <line>
      <![CDATA[Method is about to run: org.testng.internal.ConfigurationMethod, beforeTest]]>
    </line>
    <line>
      <![CDATA[org.testng.internal.InvokedMethod, loginLogoutDataDriveTesintUsingTestNG.beforeTest()[pri:0, instance:testNG.loginLogoutDataDriveTesintUsingTestNG@1e397ed7]]]>
    </line>
    <line>
      <![CDATA[org.testng.internal.InvokedMethod, loginLogoutDataDriveTesintUsingTestNG.beforeTest()[pri:0, instance:testNG.loginLogoutDataDriveTesintUsingTestNG@1e397ed7]]]>
    </line>
    <line>
      <![CDATA[This test is : testNG.loginLogoutDataDriveTesintUsingTestNG]]>
    </line>
    <line>
      <![CDATA[The current parameter methods are : , f#$#$#, f]]>
    </line>
    <line>
      <![CDATA[ Status of the test is: Started]]>
    </line>
    <line>
      <![CDATA[Method is about to run: org.testng.internal.TestNGMethod, loginLogoutTestWtihIncorrectCredencials]]>
    </line>
    <line>
      <![CDATA[Method is about to run: org.testng.internal.TestNGMethod, loginLogoutTestWtihIncorrectCredencials]]>
    </line>
    <line>
      <![CDATA[org.testng.internal.InvokedMethod, loginLogoutDataDriveTesintUsingTestNG.loginLogoutTestWtihIncorrectCredencials(java.lang.String, java.lang.String)[pri:0, instance:testNG.loginLogoutDataDriveTesintUsingTestNG@1e397ed7]]]>
    </line>
    <line>
      <![CDATA[org.testng.internal.InvokedMethod, loginLogoutDataDriveTesintUsingTestNG.loginLogoutTestWtihIncorrectCredencials(java.lang.String, java.lang.String)[pri:0, instance:testNG.loginLogoutDataDriveTesintUsingTestNG@1e397ed7]]]>
    </line>
    <line>
      <![CDATA[This test is : testNG.loginLogoutDataDriveTesintUsingTestNG]]>
    </line>
    <line>
      <![CDATA[The current parameter methods are : , f#$#$#, f]]>
    </line>
    <line>
      <![CDATA[ Status of the test is: Failed]]>
    </line>
    <line>
      <![CDATA[Method is about to run: org.testng.internal.ConfigurationMethod, afterClass]]>
    </line>
    <line>
      <![CDATA[Method is about to run: org.testng.internal.ConfigurationMethod, afterClass]]>
    </line>
    <line>
      <![CDATA[org.testng.internal.InvokedMethod, loginLogoutDataDriveTesintUsingTestNG.afterClass()[pri:0, instance:testNG.loginLogoutDataDriveTesintUsingTestNG@1e397ed7]]]>
    </line>
    <line>
      <![CDATA[org.testng.internal.InvokedMethod, loginLogoutDataDriveTesintUsingTestNG.afterClass()[pri:0, instance:testNG.loginLogoutDataDriveTesintUsingTestNG@1e397ed7]]]>
    </line>
    <line>
      <![CDATA[Test is done here : Default test]]>
    </line>
    <line>
      <![CDATA[Suite run is completed : Default suite]]>
    </line>
    <line>
      <![CDATA[Suite run is completed : Default suite]]>
    </line>
  </reporter-output>
  <suite name="Default suite" duration-ms="36617" started-at="2018-03-01T22:30:41Z" finished-at="2018-03-01T22:31:18Z">
    <groups>
    </groups>
    <test name="Default test" duration-ms="36617" started-at="2018-03-01T22:30:41Z" finished-at="2018-03-01T22:31:18Z">
      <class name="testNG.loginLogoutDataDriveTesintUsingTestNG">
        <test-method status="PASS" signature="beforeClass()[pri:0, instance:testNG.loginLogoutDataDriveTesintUsingTestNG@1e397ed7]" name="beforeClass" is-config="true" duration-ms="5114" started-at="2018-03-01T17:30:41Z" finished-at="2018-03-01T17:30:47Z">
          <reporter-output>
            <line>
              <![CDATA[org.testng.internal.InvokedMethod, loginLogoutDataDriveTesintUsingTestNG.beforeClass()[pri:0, instance:testNG.loginLogoutDataDriveTesintUsingTestNG@1e397ed7]]]>
            </line>
            <line>
              <![CDATA[org.testng.internal.InvokedMethod, loginLogoutDataDriveTesintUsingTestNG.beforeClass()[pri:0, instance:testNG.loginLogoutDataDriveTesintUsingTestNG@1e397ed7]]]>
            </line>
          </reporter-output>
        </test-method> <!-- beforeClass -->
        <test-method status="PASS" signature="loginLogoutTestWithCorrectCredencials(java.lang.String, java.lang.String)[pri:0, instance:testNG.loginLogoutDataDriveTesintUsingTestNG@1e397ed7]" name="loginLogoutTestWithCorrectCredencials" duration-ms="3761" started-at="2018-03-01T17:30:47Z" data-provider="dpCorrectPassword" finished-at="2018-03-01T17:30:50Z">
          <params>
            <param index="0">
              <value>
                <![CDATA[a]]>
              </value>
            </param>
            <param index="1">
              <value>
                <![CDATA[a]]>
              </value>
            </param>
          </params>
          <reporter-output>
            <line>
              <![CDATA[org.testng.internal.InvokedMethod, loginLogoutDataDriveTesintUsingTestNG.loginLogoutTestWithCorrectCredencials(java.lang.String, java.lang.String)[pri:0, instance:testNG.loginLogoutDataDriveTesintUsingTestNG@1e397ed7]]]>
            </line>
            <line>
              <![CDATA[org.testng.internal.InvokedMethod, loginLogoutDataDriveTesintUsingTestNG.loginLogoutTestWithCorrectCredencials(java.lang.String, java.lang.String)[pri:0, instance:testNG.loginLogoutDataDriveTesintUsingTestNG@1e397ed7]]]>
            </line>
            <line>
              <![CDATA[This test is : testNG.loginLogoutDataDriveTesintUsingTestNG]]>
            </line>
            <line>
              <![CDATA[The current parameter methods are : , a, a]]>
            </line>
            <line>
              <![CDATA[ Status of the test is: Success]]>
            </line>
          </reporter-output>
        </test-method> <!-- loginLogoutTestWithCorrectCredencials -->
        <test-method status="PASS" signature="beforeTest()[pri:0, instance:testNG.loginLogoutDataDriveTesintUsingTestNG@1e397ed7]" name="beforeTest" is-config="true" duration-ms="0" started-at="2018-03-01T17:30:47Z" finished-at="2018-03-01T17:30:47Z">
          <reporter-output>
            <line>
              <![CDATA[org.testng.internal.InvokedMethod, loginLogoutDataDriveTesintUsingTestNG.beforeTest()[pri:0, instance:testNG.loginLogoutDataDriveTesintUsingTestNG@1e397ed7]]]>
            </line>
            <line>
              <![CDATA[org.testng.internal.InvokedMethod, loginLogoutDataDriveTesintUsingTestNG.beforeTest()[pri:0, instance:testNG.loginLogoutDataDriveTesintUsingTestNG@1e397ed7]]]>
            </line>
          </reporter-output>
        </test-method> <!-- beforeTest -->
        <test-method status="PASS" signature="beforeTest()[pri:0, instance:testNG.loginLogoutDataDriveTesintUsingTestNG@1e397ed7]" name="beforeTest" is-config="true" duration-ms="1" started-at="2018-03-01T17:30:50Z" finished-at="2018-03-01T17:30:50Z">
          <reporter-output>
            <line>
              <![CDATA[org.testng.internal.InvokedMethod, loginLogoutDataDriveTesintUsingTestNG.beforeTest()[pri:0, instance:testNG.loginLogoutDataDriveTesintUsingTestNG@1e397ed7]]]>
            </line>
            <line>
              <![CDATA[org.testng.internal.InvokedMethod, loginLogoutDataDriveTesintUsingTestNG.beforeTest()[pri:0, instance:testNG.loginLogoutDataDriveTesintUsingTestNG@1e397ed7]]]>
            </line>
          </reporter-output>
        </test-method> <!-- beforeTest -->
        <test-method status="PASS" signature="loginLogoutTestWithCorrectCredencials(java.lang.String, java.lang.String)[pri:0, instance:testNG.loginLogoutDataDriveTesintUsingTestNG@1e397ed7]" name="loginLogoutTestWithCorrectCredencials" duration-ms="3621" started-at="2018-03-01T17:30:50Z" data-provider="dpCorrectPassword" finished-at="2018-03-01T17:30:54Z">
          <params>
            <param index="0">
              <value>
                <![CDATA[b]]>
              </value>
            </param>
            <param index="1">
              <value>
                <![CDATA[b]]>
              </value>
            </param>
          </params>
          <reporter-output>
            <line>
              <![CDATA[org.testng.internal.InvokedMethod, loginLogoutDataDriveTesintUsingTestNG.loginLogoutTestWithCorrectCredencials(java.lang.String, java.lang.String)[pri:0, instance:testNG.loginLogoutDataDriveTesintUsingTestNG@1e397ed7]]]>
            </line>
            <line>
              <![CDATA[org.testng.internal.InvokedMethod, loginLogoutDataDriveTesintUsingTestNG.loginLogoutTestWithCorrectCredencials(java.lang.String, java.lang.String)[pri:0, instance:testNG.loginLogoutDataDriveTesintUsingTestNG@1e397ed7]]]>
            </line>
            <line>
              <![CDATA[This test is : testNG.loginLogoutDataDriveTesintUsingTestNG]]>
            </line>
            <line>
              <![CDATA[The current parameter methods are : , b, b]]>
            </line>
            <line>
              <![CDATA[ Status of the test is: Success]]>
            </line>
          </reporter-output>
        </test-method> <!-- loginLogoutTestWithCorrectCredencials -->
        <test-method status="PASS" signature="beforeTest()[pri:0, instance:testNG.loginLogoutDataDriveTesintUsingTestNG@1e397ed7]" name="beforeTest" is-config="true" duration-ms="1" started-at="2018-03-01T17:30:54Z" finished-at="2018-03-01T17:30:54Z">
          <reporter-output>
            <line>
              <![CDATA[org.testng.internal.InvokedMethod, loginLogoutDataDriveTesintUsingTestNG.beforeTest()[pri:0, instance:testNG.loginLogoutDataDriveTesintUsingTestNG@1e397ed7]]]>
            </line>
            <line>
              <![CDATA[org.testng.internal.InvokedMethod, loginLogoutDataDriveTesintUsingTestNG.beforeTest()[pri:0, instance:testNG.loginLogoutDataDriveTesintUsingTestNG@1e397ed7]]]>
            </line>
          </reporter-output>
        </test-method> <!-- beforeTest -->
        <test-method status="PASS" signature="loginLogoutTestWithCorrectCredencials(java.lang.String, java.lang.String)[pri:0, instance:testNG.loginLogoutDataDriveTesintUsingTestNG@1e397ed7]" name="loginLogoutTestWithCorrectCredencials" duration-ms="3542" started-at="2018-03-01T17:30:54Z" data-provider="dpCorrectPassword" finished-at="2018-03-01T17:30:57Z">
          <params>
            <param index="0">
              <value>
                <![CDATA[c]]>
              </value>
            </param>
            <param index="1">
              <value>
                <![CDATA[c]]>
              </value>
            </param>
          </params>
          <reporter-output>
            <line>
              <![CDATA[org.testng.internal.InvokedMethod, loginLogoutDataDriveTesintUsingTestNG.loginLogoutTestWithCorrectCredencials(java.lang.String, java.lang.String)[pri:0, instance:testNG.loginLogoutDataDriveTesintUsingTestNG@1e397ed7]]]>
            </line>
            <line>
              <![CDATA[org.testng.internal.InvokedMethod, loginLogoutDataDriveTesintUsingTestNG.loginLogoutTestWithCorrectCredencials(java.lang.String, java.lang.String)[pri:0, instance:testNG.loginLogoutDataDriveTesintUsingTestNG@1e397ed7]]]>
            </line>
            <line>
              <![CDATA[This test is : testNG.loginLogoutDataDriveTesintUsingTestNG]]>
            </line>
            <line>
              <![CDATA[The current parameter methods are : , c, c]]>
            </line>
            <line>
              <![CDATA[ Status of the test is: Success]]>
            </line>
          </reporter-output>
        </test-method> <!-- loginLogoutTestWithCorrectCredencials -->
        <test-method status="PASS" signature="beforeTest()[pri:0, instance:testNG.loginLogoutDataDriveTesintUsingTestNG@1e397ed7]" name="beforeTest" is-config="true" duration-ms="1" started-at="2018-03-01T17:30:57Z" finished-at="2018-03-01T17:30:57Z">
          <reporter-output>
            <line>
              <![CDATA[org.testng.internal.InvokedMethod, loginLogoutDataDriveTesintUsingTestNG.beforeTest()[pri:0, instance:testNG.loginLogoutDataDriveTesintUsingTestNG@1e397ed7]]]>
            </line>
            <line>
              <![CDATA[org.testng.internal.InvokedMethod, loginLogoutDataDriveTesintUsingTestNG.beforeTest()[pri:0, instance:testNG.loginLogoutDataDriveTesintUsingTestNG@1e397ed7]]]>
            </line>
          </reporter-output>
        </test-method> <!-- beforeTest -->
        <test-method status="FAIL" signature="loginLogoutTestWithCorrectCredencials(java.lang.String, java.lang.String)[pri:0, instance:testNG.loginLogoutDataDriveTesintUsingTestNG@1e397ed7]" name="loginLogoutTestWithCorrectCredencials" duration-ms="6171" started-at="2018-03-01T17:30:57Z" data-provider="dpCorrectPassword" finished-at="2018-03-01T17:31:04Z">
          <params>
            <param index="0">
              <value>
                <![CDATA[d]]>
              </value>
            </param>
            <param index="1">
              <value>
                <![CDATA[ddsf]]>
              </value>
            </param>
          </params>
          <exception class="java.lang.AssertionError">
            <message>
              <![CDATA[null]]>
            </message>
            <full-stacktrace>
              <![CDATA[java.lang.AssertionError: null
	at org.testng.Assert.fail(Assert.java:94)
	at org.testng.Assert.fail(Assert.java:101)
	at testNG.loginLogoutDataDriveTesintUsingTestNG.loginLogoutTestWithCorrectCredencials(loginLogoutDataDriveTesintUsingTestNG.java:53)
	at sun.reflect.NativeMethodAccessorImpl.invoke0(Native Method)
	at sun.reflect.NativeMethodAccessorImpl.invoke(NativeMethodAccessorImpl.java:62)
	at sun.reflect.DelegatingMethodAccessorImpl.invoke(DelegatingMethodAccessorImpl.java:43)
	at java.lang.reflect.Method.invoke(Method.java:498)
	at org.testng.internal.MethodInvocationHelper.invokeMethod(MethodInvocationHelper.java:80)
	at org.testng.internal.Invoker.invokeMethod(Invoker.java:714)
	at org.testng.internal.Invoker.invokeTestMethod(Invoker.java:901)
	at org.testng.internal.Invoker.invokeTestMethods(Invoker.java:1231)
	at org.testng.internal.TestMethodWorker.invokeTestMethods(TestMethodWorker.java:127)
	at org.testng.internal.TestMethodWorker.run(TestMethodWorker.java:111)
	at org.testng.TestRunner.privateRun(TestRunner.java:767)
	at org.testng.TestRunner.run(TestRunner.java:617)
	at org.testng.SuiteRunner.runTest(SuiteRunner.java:334)
	at org.testng.SuiteRunner.runSequentially(SuiteRunner.java:329)
	at org.testng.SuiteRunner.privateRun(SuiteRunner.java:291)
	at org.testng.SuiteRunner.run(SuiteRunner.java:240)
	at org.testng.SuiteRunnerWorker.runSuite(SuiteRunnerWorker.java:52)
	at org.testng.SuiteRunnerWorker.run(SuiteRunnerWorker.java:86)
	at org.testng.TestNG.runSuitesSequentially(TestNG.java:1198)
	at org.testng.TestNG.runSuitesLocally(TestNG.java:1123)
	at org.testng.TestNG.run(TestNG.java:1031)
	at org.testng.remote.AbstractRemoteTestNG.run(AbstractRemoteTestNG.java:114)
	at org.testng.remote.RemoteTestNG.initAndRun(RemoteTestNG.java:251)
	at org.testng.remote.RemoteTestNG.main(RemoteTestNG.java:77)
]]>
            </full-stacktrace>
          </exception> <!-- java.lang.AssertionError -->
          <reporter-output>
            <line>
              <![CDATA[org.testng.internal.InvokedMethod, loginLogoutDataDriveTesintUsingTestNG.loginLogoutTestWithCorrectCredencials(java.lang.String, java.lang.String)[pri:0, instance:testNG.loginLogoutDataDriveTesintUsingTestNG@1e397ed7]]]>
            </line>
            <line>
              <![CDATA[org.testng.internal.InvokedMethod, loginLogoutDataDriveTesintUsingTestNG.loginLogoutTestWithCorrectCredencials(java.lang.String, java.lang.String)[pri:0, instance:testNG.loginLogoutDataDriveTesintUsingTestNG@1e397ed7]]]>
            </line>
            <line>
              <![CDATA[This test is : testNG.loginLogoutDataDriveTesintUsingTestNG]]>
            </line>
            <line>
              <![CDATA[The current parameter methods are : , d, ddsf]]>
            </line>
            <line>
              <![CDATA[ Status of the test is: Failed]]>
            </line>
          </reporter-output>
        </test-method> <!-- loginLogoutTestWithCorrectCredencials -->
        <test-method status="PASS" signature="beforeTest()[pri:0, instance:testNG.loginLogoutDataDriveTesintUsingTestNG@1e397ed7]" name="beforeTest" is-config="true" duration-ms="1" started-at="2018-03-01T17:31:04Z" finished-at="2018-03-01T17:31:04Z">
          <reporter-output>
            <line>
              <![CDATA[org.testng.internal.InvokedMethod, loginLogoutDataDriveTesintUsingTestNG.beforeTest()[pri:0, instance:testNG.loginLogoutDataDriveTesintUsingTestNG@1e397ed7]]]>
            </line>
            <line>
              <![CDATA[org.testng.internal.InvokedMethod, loginLogoutDataDriveTesintUsingTestNG.beforeTest()[pri:0, instance:testNG.loginLogoutDataDriveTesintUsingTestNG@1e397ed7]]]>
            </line>
          </reporter-output>
        </test-method> <!-- beforeTest -->
        <test-method status="PASS" signature="loginLogoutTestWithCorrectCredencials(java.lang.String, java.lang.String)[pri:0, instance:testNG.loginLogoutDataDriveTesintUsingTestNG@1e397ed7]" name="loginLogoutTestWithCorrectCredencials" duration-ms="3798" started-at="2018-03-01T17:31:04Z" data-provider="dpCorrectPassword" finished-at="2018-03-01T17:31:07Z">
          <params>
            <param index="0">
              <value>
                <![CDATA[e]]>
              </value>
            </param>
            <param index="1">
              <value>
                <![CDATA[e]]>
              </value>
            </param>
          </params>
          <reporter-output>
            <line>
              <![CDATA[org.testng.internal.InvokedMethod, loginLogoutDataDriveTesintUsingTestNG.loginLogoutTestWithCorrectCredencials(java.lang.String, java.lang.String)[pri:0, instance:testNG.loginLogoutDataDriveTesintUsingTestNG@1e397ed7]]]>
            </line>
            <line>
              <![CDATA[org.testng.internal.InvokedMethod, loginLogoutDataDriveTesintUsingTestNG.loginLogoutTestWithCorrectCredencials(java.lang.String, java.lang.String)[pri:0, instance:testNG.loginLogoutDataDriveTesintUsingTestNG@1e397ed7]]]>
            </line>
            <line>
              <![CDATA[This test is : testNG.loginLogoutDataDriveTesintUsingTestNG]]>
            </line>
            <line>
              <![CDATA[The current parameter methods are : , e, e]]>
            </line>
            <line>
              <![CDATA[ Status of the test is: Success]]>
            </line>
          </reporter-output>
        </test-method> <!-- loginLogoutTestWithCorrectCredencials -->
        <test-method status="PASS" signature="beforeTest()[pri:0, instance:testNG.loginLogoutDataDriveTesintUsingTestNG@1e397ed7]" name="beforeTest" is-config="true" duration-ms="1" started-at="2018-03-01T17:31:07Z" finished-at="2018-03-01T17:31:07Z">
          <reporter-output>
            <line>
              <![CDATA[org.testng.internal.InvokedMethod, loginLogoutDataDriveTesintUsingTestNG.beforeTest()[pri:0, instance:testNG.loginLogoutDataDriveTesintUsingTestNG@1e397ed7]]]>
            </line>
            <line>
              <![CDATA[org.testng.internal.InvokedMethod, loginLogoutDataDriveTesintUsingTestNG.beforeTest()[pri:0, instance:testNG.loginLogoutDataDriveTesintUsingTestNG@1e397ed7]]]>
            </line>
          </reporter-output>
        </test-method> <!-- beforeTest -->
        <test-method status="FAIL" signature="loginLogoutTestWithCorrectCredencials(java.lang.String, java.lang.String)[pri:0, instance:testNG.loginLogoutDataDriveTesintUsingTestNG@1e397ed7]" name="loginLogoutTestWithCorrectCredencials" duration-ms="6130" started-at="2018-03-01T17:31:07Z" data-provider="dpCorrectPassword" finished-at="2018-03-01T17:31:14Z">
          <params>
            <param index="0">
              <value>
                <![CDATA[f]]>
              </value>
            </param>
            <param index="1">
              <value>
                <![CDATA[f]]>
              </value>
            </param>
          </params>
          <exception class="java.lang.AssertionError">
            <message>
              <![CDATA[null]]>
            </message>
            <full-stacktrace>
              <![CDATA[java.lang.AssertionError: null
	at org.testng.Assert.fail(Assert.java:94)
	at org.testng.Assert.fail(Assert.java:101)
	at testNG.loginLogoutDataDriveTesintUsingTestNG.loginLogoutTestWithCorrectCredencials(loginLogoutDataDriveTesintUsingTestNG.java:53)
	at sun.reflect.NativeMethodAccessorImpl.invoke0(Native Method)
	at sun.reflect.NativeMethodAccessorImpl.invoke(NativeMethodAccessorImpl.java:62)
	at sun.reflect.DelegatingMethodAccessorImpl.invoke(DelegatingMethodAccessorImpl.java:43)
	at java.lang.reflect.Method.invoke(Method.java:498)
	at org.testng.internal.MethodInvocationHelper.invokeMethod(MethodInvocationHelper.java:80)
	at org.testng.internal.Invoker.invokeMethod(Invoker.java:714)
	at org.testng.internal.Invoker.invokeTestMethod(Invoker.java:901)
	at org.testng.internal.Invoker.invokeTestMethods(Invoker.java:1231)
	at org.testng.internal.TestMethodWorker.invokeTestMethods(TestMethodWorker.java:127)
	at org.testng.internal.TestMethodWorker.run(TestMethodWorker.java:111)
	at org.testng.TestRunner.privateRun(TestRunner.java:767)
	at org.testng.TestRunner.run(TestRunner.java:617)
	at org.testng.SuiteRunner.runTest(SuiteRunner.java:334)
	at org.testng.SuiteRunner.runSequentially(SuiteRunner.java:329)
	at org.testng.SuiteRunner.privateRun(SuiteRunner.java:291)
	at org.testng.SuiteRunner.run(SuiteRunner.java:240)
	at org.testng.SuiteRunnerWorker.runSuite(SuiteRunnerWorker.java:52)
	at org.testng.SuiteRunnerWorker.run(SuiteRunnerWorker.java:86)
	at org.testng.TestNG.runSuitesSequentially(TestNG.java:1198)
	at org.testng.TestNG.runSuitesLocally(TestNG.java:1123)
	at org.testng.TestNG.run(TestNG.java:1031)
	at org.testng.remote.AbstractRemoteTestNG.run(AbstractRemoteTestNG.java:114)
	at org.testng.remote.RemoteTestNG.initAndRun(RemoteTestNG.java:251)
	at org.testng.remote.RemoteTestNG.main(RemoteTestNG.java:77)
]]>
            </full-stacktrace>
          </exception> <!-- java.lang.AssertionError -->
          <reporter-output>
            <line>
              <![CDATA[org.testng.internal.InvokedMethod, loginLogoutDataDriveTesintUsingTestNG.loginLogoutTestWithCorrectCredencials(java.lang.String, java.lang.String)[pri:0, instance:testNG.loginLogoutDataDriveTesintUsingTestNG@1e397ed7]]]>
            </line>
            <line>
              <![CDATA[org.testng.internal.InvokedMethod, loginLogoutDataDriveTesintUsingTestNG.loginLogoutTestWithCorrectCredencials(java.lang.String, java.lang.String)[pri:0, instance:testNG.loginLogoutDataDriveTesintUsingTestNG@1e397ed7]]]>
            </line>
            <line>
              <![CDATA[This test is : testNG.loginLogoutDataDriveTesintUsingTestNG]]>
            </line>
            <line>
              <![CDATA[The current parameter methods are : , f, f]]>
            </line>
            <line>
              <![CDATA[ Status of the test is: Failed]]>
            </line>
          </reporter-output>
        </test-method> <!-- loginLogoutTestWithCorrectCredencials -->
        <test-method status="PASS" signature="beforeTest()[pri:0, instance:testNG.loginLogoutDataDriveTesintUsingTestNG@1e397ed7]" name="beforeTest" is-config="true" duration-ms="1" started-at="2018-03-01T17:31:14Z" finished-at="2018-03-01T17:31:14Z">
          <reporter-output>
            <line>
              <![CDATA[org.testng.internal.InvokedMethod, loginLogoutDataDriveTesintUsingTestNG.beforeTest()[pri:0, instance:testNG.loginLogoutDataDriveTesintUsingTestNG@1e397ed7]]]>
            </line>
            <line>
              <![CDATA[org.testng.internal.InvokedMethod, loginLogoutDataDriveTesintUsingTestNG.beforeTest()[pri:0, instance:testNG.loginLogoutDataDriveTesintUsingTestNG@1e397ed7]]]>
            </line>
          </reporter-output>
        </test-method> <!-- beforeTest -->
        <test-method status="PASS" signature="loginLogoutTestWtihIncorrectCredencials(java.lang.String, java.lang.String)[pri:0, instance:testNG.loginLogoutDataDriveTesintUsingTestNG@1e397ed7]" name="loginLogoutTestWtihIncorrectCredencials" duration-ms="2642" started-at="2018-03-01T17:31:14Z" data-provider="dpIncorrectCredencials" finished-at="2018-03-01T17:31:16Z">
          <params>
            <param index="0">
              <value>
                <![CDATA[awerew]]>
              </value>
            </param>
            <param index="1">
              <value>
                <![CDATA[a]]>
              </value>
            </param>
          </params>
          <reporter-output>
            <line>
              <![CDATA[org.testng.internal.InvokedMethod, loginLogoutDataDriveTesintUsingTestNG.loginLogoutTestWtihIncorrectCredencials(java.lang.String, java.lang.String)[pri:0, instance:testNG.loginLogoutDataDriveTesintUsingTestNG@1e397ed7]]]>
            </line>
            <line>
              <![CDATA[org.testng.internal.InvokedMethod, loginLogoutDataDriveTesintUsingTestNG.loginLogoutTestWtihIncorrectCredencials(java.lang.String, java.lang.String)[pri:0, instance:testNG.loginLogoutDataDriveTesintUsingTestNG@1e397ed7]]]>
            </line>
            <line>
              <![CDATA[This test is : testNG.loginLogoutDataDriveTesintUsingTestNG]]>
            </line>
            <line>
              <![CDATA[The current parameter methods are : , awerew, a]]>
            </line>
            <line>
              <![CDATA[ Status of the test is: Success]]>
            </line>
          </reporter-output>
        </test-method> <!-- loginLogoutTestWtihIncorrectCredencials -->
        <test-method status="FAIL" signature="loginLogoutTestWtihIncorrectCredencials(java.lang.String, java.lang.String)[pri:0, instance:testNG.loginLogoutDataDriveTesintUsingTestNG@1e397ed7]" name="loginLogoutTestWtihIncorrectCredencials" duration-ms="34" started-at="2018-03-01T17:31:16Z" data-provider="dpIncorrectCredencials" finished-at="2018-03-01T17:31:16Z">
          <params>
            <param index="0">
              <value>
                <![CDATA[ ]]>
              </value>
            </param>
            <param index="1">
              <value>
                <![CDATA[b]]>
              </value>
            </param>
          </params>
          <exception class="org.openqa.selenium.NoSuchWindowException">
            <message>
              <![CDATA[no such window: target window already closed
from unknown error: web view not found
  (Session info: chrome=64.0.3282.167)
  (Driver info: chromedriver=2.30.477700 (0057494ad8732195794a7b32078424f92a5fce41),platform=Windows NT 10.0.16299 x86_64) (WARNING: The server did not provide any stacktrace information)
Command duration or timeout: 22 milliseconds
Build info: version: '3.4.0', revision: 'unknown', time: 'unknown'
System info: host: 'LAPTOP-RO5NS03S', ip: '192.168.99.1', os.name: 'Windows 10', os.arch: 'amd64', os.version: '10.0', java.version: '1.8.0_131'
Driver info: org.openqa.selenium.chrome.ChromeDriver
Capabilities [{applicationCacheEnabled=false, rotatable=false, mobileEmulationEnabled=false, networkConnectionEnabled=false, chrome={chromedriverVersion=2.30.477700 (0057494ad8732195794a7b32078424f92a5fce41), userDataDir=C:\Users\solomon\AppData\Local\Temp\scoped_dir9504_26430}, takesHeapSnapshot=true, pageLoadStrategy=normal, databaseEnabled=false, handlesAlerts=true, hasTouchScreen=false, version=64.0.3282.167, platform=XP, browserConnectionEnabled=false, nativeEvents=true, acceptSslCerts=true, locationContextEnabled=true, webStorageEnabled=true, browserName=chrome, takesScreenshot=true, javascriptEnabled=true, cssSelectorsEnabled=true, unexpectedAlertBehaviour=}]
Session ID: 51963351059cc51485f6bfa642086733
*** Element info: {Using=name, value=userName}]]>
            </message>
            <full-stacktrace>
              <![CDATA[org.openqa.selenium.NoSuchWindowException: no such window: target window already closed
from unknown error: web view not found
  (Session info: chrome=64.0.3282.167)
  (Driver info: chromedriver=2.30.477700 (0057494ad8732195794a7b32078424f92a5fce41),platform=Windows NT 10.0.16299 x86_64) (WARNING: The server did not provide any stacktrace information)
Command duration or timeout: 22 milliseconds
Build info: version: '3.4.0', revision: 'unknown', time: 'unknown'
System info: host: 'LAPTOP-RO5NS03S', ip: '192.168.99.1', os.name: 'Windows 10', os.arch: 'amd64', os.version: '10.0', java.version: '1.8.0_131'
Driver info: org.openqa.selenium.chrome.ChromeDriver
Capabilities [{applicationCacheEnabled=false, rotatable=false, mobileEmulationEnabled=false, networkConnectionEnabled=false, chrome={chromedriverVersion=2.30.477700 (0057494ad8732195794a7b32078424f92a5fce41), userDataDir=C:\Users\solomon\AppData\Local\Temp\scoped_dir9504_26430}, takesHeapSnapshot=true, pageLoadStrategy=normal, databaseEnabled=false, handlesAlerts=true, hasTouchScreen=false, version=64.0.3282.167, platform=XP, browserConnectionEnabled=false, nativeEvents=true, acceptSslCerts=true, locationContextEnabled=true, webStorageEnabled=true, browserName=chrome, takesScreenshot=true, javascriptEnabled=true, cssSelectorsEnabled=true, unexpectedAlertBehaviour=}]
Session ID: 51963351059cc51485f6bfa642086733
*** Element info: {Using=name, value=userName}
	at sun.reflect.NativeConstructorAccessorImpl.newInstance0(Native Method)
	at sun.reflect.NativeConstructorAccessorImpl.newInstance(NativeConstructorAccessorImpl.java:62)
	at sun.reflect.DelegatingConstructorAccessorImpl.newInstance(DelegatingConstructorAccessorImpl.java:45)
	at java.lang.reflect.Constructor.newInstance(Constructor.java:423)
	at org.openqa.selenium.remote.ErrorHandler.createThrowable(ErrorHandler.java:215)
	at org.openqa.selenium.remote.ErrorHandler.throwIfResponseFailed(ErrorHandler.java:167)
	at org.openqa.selenium.remote.RemoteWebDriver.execute(RemoteWebDriver.java:671)
	at org.openqa.selenium.remote.RemoteWebDriver.findElement(RemoteWebDriver.java:410)
	at org.openqa.selenium.remote.RemoteWebDriver.findElementByName(RemoteWebDriver.java:485)
	at org.openqa.selenium.By$ByName.findElement(By.java:303)
	at org.openqa.selenium.remote.RemoteWebDriver.findElement(RemoteWebDriver.java:402)
	at testNG.loginLogoutDataDriveTesintUsingTestNG.loginLogoutTestWtihIncorrectCredencials(loginLogoutDataDriveTesintUsingTestNG.java:74)
	at sun.reflect.NativeMethodAccessorImpl.invoke0(Native Method)
	at sun.reflect.NativeMethodAccessorImpl.invoke(NativeMethodAccessorImpl.java:62)
	at sun.reflect.DelegatingMethodAccessorImpl.invoke(DelegatingMethodAccessorImpl.java:43)
	at java.lang.reflect.Method.invoke(Method.java:498)
	at org.testng.internal.MethodInvocationHelper.invokeMethod(MethodInvocationHelper.java:80)
	at org.testng.internal.Invoker.invokeMethod(Invoker.java:714)
	at org.testng.internal.Invoker.invokeTestMethod(Invoker.java:901)
	at org.testng.internal.Invoker.invokeTestMethods(Invoker.java:1231)
	at org.testng.internal.TestMethodWorker.invokeTestMethods(TestMethodWorker.java:127)
	at org.testng.internal.TestMethodWorker.run(TestMethodWorker.java:111)
	at org.testng.TestRunner.privateRun(TestRunner.java:767)
	at org.testng.TestRunner.run(TestRunner.java:617)
	at org.testng.SuiteRunner.runTest(SuiteRunner.java:334)
	at org.testng.SuiteRunner.runSequentially(SuiteRunner.java:329)
	at org.testng.SuiteRunner.privateRun(SuiteRunner.java:291)
	at org.testng.SuiteRunner.run(SuiteRunner.java:240)
	at org.testng.SuiteRunnerWorker.runSuite(SuiteRunnerWorker.java:52)
	at org.testng.SuiteRunnerWorker.run(SuiteRunnerWorker.java:86)
	at org.testng.TestNG.runSuitesSequentially(TestNG.java:1198)
	at org.testng.TestNG.runSuitesLocally(TestNG.java:1123)
	at org.testng.TestNG.run(TestNG.java:1031)
	at org.testng.remote.AbstractRemoteTestNG.run(AbstractRemoteTestNG.java:114)
	at org.testng.remote.RemoteTestNG.initAndRun(RemoteTestNG.java:251)
	at org.testng.remote.RemoteTestNG.main(RemoteTestNG.java:77)
]]>
            </full-stacktrace>
          </exception> <!-- org.openqa.selenium.NoSuchWindowException -->
          <reporter-output>
            <line>
              <![CDATA[org.testng.internal.InvokedMethod, loginLogoutDataDriveTesintUsingTestNG.loginLogoutTestWtihIncorrectCredencials(java.lang.String, java.lang.String)[pri:0, instance:testNG.loginLogoutDataDriveTesintUsingTestNG@1e397ed7]]]>
            </line>
            <line>
              <![CDATA[org.testng.internal.InvokedMethod, loginLogoutDataDriveTesintUsingTestNG.loginLogoutTestWtihIncorrectCredencials(java.lang.String, java.lang.String)[pri:0, instance:testNG.loginLogoutDataDriveTesintUsingTestNG@1e397ed7]]]>
            </line>
            <line>
              <![CDATA[This test is : testNG.loginLogoutDataDriveTesintUsingTestNG]]>
            </line>
            <line>
              <![CDATA[The current parameter methods are : ,  , b]]>
            </line>
            <line>
              <![CDATA[ Status of the test is: Failed]]>
            </line>
          </reporter-output>
        </test-method> <!-- loginLogoutTestWtihIncorrectCredencials -->
        <test-method status="PASS" signature="beforeTest()[pri:0, instance:testNG.loginLogoutDataDriveTesintUsingTestNG@1e397ed7]" name="beforeTest" is-config="true" duration-ms="0" started-at="2018-03-01T17:31:16Z" finished-at="2018-03-01T17:31:16Z">
          <reporter-output>
            <line>
              <![CDATA[org.testng.internal.InvokedMethod, loginLogoutDataDriveTesintUsingTestNG.beforeTest()[pri:0, instance:testNG.loginLogoutDataDriveTesintUsingTestNG@1e397ed7]]]>
            </line>
            <line>
              <![CDATA[org.testng.internal.InvokedMethod, loginLogoutDataDriveTesintUsingTestNG.beforeTest()[pri:0, instance:testNG.loginLogoutDataDriveTesintUsingTestNG@1e397ed7]]]>
            </line>
          </reporter-output>
        </test-method> <!-- beforeTest -->
        <test-method status="PASS" signature="beforeTest()[pri:0, instance:testNG.loginLogoutDataDriveTesintUsingTestNG@1e397ed7]" name="beforeTest" is-config="true" duration-ms="7" started-at="2018-03-01T17:31:16Z" finished-at="2018-03-01T17:31:16Z">
          <reporter-output>
            <line>
              <![CDATA[org.testng.internal.InvokedMethod, loginLogoutDataDriveTesintUsingTestNG.beforeTest()[pri:0, instance:testNG.loginLogoutDataDriveTesintUsingTestNG@1e397ed7]]]>
            </line>
            <line>
              <![CDATA[org.testng.internal.InvokedMethod, loginLogoutDataDriveTesintUsingTestNG.beforeTest()[pri:0, instance:testNG.loginLogoutDataDriveTesintUsingTestNG@1e397ed7]]]>
            </line>
          </reporter-output>
        </test-method> <!-- beforeTest -->
        <test-method status="FAIL" signature="loginLogoutTestWtihIncorrectCredencials(java.lang.String, java.lang.String)[pri:0, instance:testNG.loginLogoutDataDriveTesintUsingTestNG@1e397ed7]" name="loginLogoutTestWtihIncorrectCredencials" duration-ms="25" started-at="2018-03-01T17:31:16Z" data-provider="dpIncorrectCredencials" finished-at="2018-03-01T17:31:16Z">
          <params>
            <param index="0">
              <value>
                <![CDATA[c]]>
              </value>
            </param>
            <param index="1">
              <value>
                <![CDATA[c]]>
              </value>
            </param>
          </params>
          <exception class="org.openqa.selenium.NoSuchWindowException">
            <message>
              <![CDATA[no such window: target window already closed
from unknown error: web view not found
  (Session info: chrome=64.0.3282.167)
  (Driver info: chromedriver=2.30.477700 (0057494ad8732195794a7b32078424f92a5fce41),platform=Windows NT 10.0.16299 x86_64) (WARNING: The server did not provide any stacktrace information)
Command duration or timeout: 18 milliseconds
Build info: version: '3.4.0', revision: 'unknown', time: 'unknown'
System info: host: 'LAPTOP-RO5NS03S', ip: '192.168.99.1', os.name: 'Windows 10', os.arch: 'amd64', os.version: '10.0', java.version: '1.8.0_131'
Driver info: org.openqa.selenium.chrome.ChromeDriver
Capabilities [{applicationCacheEnabled=false, rotatable=false, mobileEmulationEnabled=false, networkConnectionEnabled=false, chrome={chromedriverVersion=2.30.477700 (0057494ad8732195794a7b32078424f92a5fce41), userDataDir=C:\Users\solomon\AppData\Local\Temp\scoped_dir9504_26430}, takesHeapSnapshot=true, pageLoadStrategy=normal, databaseEnabled=false, handlesAlerts=true, hasTouchScreen=false, version=64.0.3282.167, platform=XP, browserConnectionEnabled=false, nativeEvents=true, acceptSslCerts=true, locationContextEnabled=true, webStorageEnabled=true, browserName=chrome, takesScreenshot=true, javascriptEnabled=true, cssSelectorsEnabled=true, unexpectedAlertBehaviour=}]
Session ID: 51963351059cc51485f6bfa642086733
*** Element info: {Using=name, value=userName}]]>
            </message>
            <full-stacktrace>
              <![CDATA[org.openqa.selenium.NoSuchWindowException: no such window: target window already closed
from unknown error: web view not found
  (Session info: chrome=64.0.3282.167)
  (Driver info: chromedriver=2.30.477700 (0057494ad8732195794a7b32078424f92a5fce41),platform=Windows NT 10.0.16299 x86_64) (WARNING: The server did not provide any stacktrace information)
Command duration or timeout: 18 milliseconds
Build info: version: '3.4.0', revision: 'unknown', time: 'unknown'
System info: host: 'LAPTOP-RO5NS03S', ip: '192.168.99.1', os.name: 'Windows 10', os.arch: 'amd64', os.version: '10.0', java.version: '1.8.0_131'
Driver info: org.openqa.selenium.chrome.ChromeDriver
Capabilities [{applicationCacheEnabled=false, rotatable=false, mobileEmulationEnabled=false, networkConnectionEnabled=false, chrome={chromedriverVersion=2.30.477700 (0057494ad8732195794a7b32078424f92a5fce41), userDataDir=C:\Users\solomon\AppData\Local\Temp\scoped_dir9504_26430}, takesHeapSnapshot=true, pageLoadStrategy=normal, databaseEnabled=false, handlesAlerts=true, hasTouchScreen=false, version=64.0.3282.167, platform=XP, browserConnectionEnabled=false, nativeEvents=true, acceptSslCerts=true, locationContextEnabled=true, webStorageEnabled=true, browserName=chrome, takesScreenshot=true, javascriptEnabled=true, cssSelectorsEnabled=true, unexpectedAlertBehaviour=}]
Session ID: 51963351059cc51485f6bfa642086733
*** Element info: {Using=name, value=userName}
	at sun.reflect.NativeConstructorAccessorImpl.newInstance0(Native Method)
	at sun.reflect.NativeConstructorAccessorImpl.newInstance(NativeConstructorAccessorImpl.java:62)
	at sun.reflect.DelegatingConstructorAccessorImpl.newInstance(DelegatingConstructorAccessorImpl.java:45)
	at java.lang.reflect.Constructor.newInstance(Constructor.java:423)
	at org.openqa.selenium.remote.ErrorHandler.createThrowable(ErrorHandler.java:215)
	at org.openqa.selenium.remote.ErrorHandler.throwIfResponseFailed(ErrorHandler.java:167)
	at org.openqa.selenium.remote.RemoteWebDriver.execute(RemoteWebDriver.java:671)
	at org.openqa.selenium.remote.RemoteWebDriver.findElement(RemoteWebDriver.java:410)
	at org.openqa.selenium.remote.RemoteWebDriver.findElementByName(RemoteWebDriver.java:485)
	at org.openqa.selenium.By$ByName.findElement(By.java:303)
	at org.openqa.selenium.remote.RemoteWebDriver.findElement(RemoteWebDriver.java:402)
	at testNG.loginLogoutDataDriveTesintUsingTestNG.loginLogoutTestWtihIncorrectCredencials(loginLogoutDataDriveTesintUsingTestNG.java:74)
	at sun.reflect.NativeMethodAccessorImpl.invoke0(Native Method)
	at sun.reflect.NativeMethodAccessorImpl.invoke(NativeMethodAccessorImpl.java:62)
	at sun.reflect.DelegatingMethodAccessorImpl.invoke(DelegatingMethodAccessorImpl.java:43)
	at java.lang.reflect.Method.invoke(Method.java:498)
	at org.testng.internal.MethodInvocationHelper.invokeMethod(MethodInvocationHelper.java:80)
	at org.testng.internal.Invoker.invokeMethod(Invoker.java:714)
	at org.testng.internal.Invoker.invokeTestMethod(Invoker.java:901)
	at org.testng.internal.Invoker.invokeTestMethods(Invoker.java:1231)
	at org.testng.internal.TestMethodWorker.invokeTestMethods(TestMethodWorker.java:127)
	at org.testng.internal.TestMethodWorker.run(TestMethodWorker.java:111)
	at org.testng.TestRunner.privateRun(TestRunner.java:767)
	at org.testng.TestRunner.run(TestRunner.java:617)
	at org.testng.SuiteRunner.runTest(SuiteRunner.java:334)
	at org.testng.SuiteRunner.runSequentially(SuiteRunner.java:329)
	at org.testng.SuiteRunner.privateRun(SuiteRunner.java:291)
	at org.testng.SuiteRunner.run(SuiteRunner.java:240)
	at org.testng.SuiteRunnerWorker.runSuite(SuiteRunnerWorker.java:52)
	at org.testng.SuiteRunnerWorker.run(SuiteRunnerWorker.java:86)
	at org.testng.TestNG.runSuitesSequentially(TestNG.java:1198)
	at org.testng.TestNG.runSuitesLocally(TestNG.java:1123)
	at org.testng.TestNG.run(TestNG.java:1031)
	at org.testng.remote.AbstractRemoteTestNG.run(AbstractRemoteTestNG.java:114)
	at org.testng.remote.RemoteTestNG.initAndRun(RemoteTestNG.java:251)
	at org.testng.remote.RemoteTestNG.main(RemoteTestNG.java:77)
]]>
            </full-stacktrace>
          </exception> <!-- org.openqa.selenium.NoSuchWindowException -->
          <reporter-output>
            <line>
              <![CDATA[org.testng.internal.InvokedMethod, loginLogoutDataDriveTesintUsingTestNG.loginLogoutTestWtihIncorrectCredencials(java.lang.String, java.lang.String)[pri:0, instance:testNG.loginLogoutDataDriveTesintUsingTestNG@1e397ed7]]]>
            </line>
            <line>
              <![CDATA[org.testng.internal.InvokedMethod, loginLogoutDataDriveTesintUsingTestNG.loginLogoutTestWtihIncorrectCredencials(java.lang.String, java.lang.String)[pri:0, instance:testNG.loginLogoutDataDriveTesintUsingTestNG@1e397ed7]]]>
            </line>
            <line>
              <![CDATA[This test is : testNG.loginLogoutDataDriveTesintUsingTestNG]]>
            </line>
            <line>
              <![CDATA[The current parameter methods are : , c, c]]>
            </line>
            <line>
              <![CDATA[ Status of the test is: Failed]]>
            </line>
          </reporter-output>
        </test-method> <!-- loginLogoutTestWtihIncorrectCredencials -->
        <test-method status="PASS" signature="beforeTest()[pri:0, instance:testNG.loginLogoutDataDriveTesintUsingTestNG@1e397ed7]" name="beforeTest" is-config="true" duration-ms="1" started-at="2018-03-01T17:31:16Z" finished-at="2018-03-01T17:31:16Z">
          <reporter-output>
            <line>
              <![CDATA[org.testng.internal.InvokedMethod, loginLogoutDataDriveTesintUsingTestNG.beforeTest()[pri:0, instance:testNG.loginLogoutDataDriveTesintUsingTestNG@1e397ed7]]]>
            </line>
            <line>
              <![CDATA[org.testng.internal.InvokedMethod, loginLogoutDataDriveTesintUsingTestNG.beforeTest()[pri:0, instance:testNG.loginLogoutDataDriveTesintUsingTestNG@1e397ed7]]]>
            </line>
          </reporter-output>
        </test-method> <!-- beforeTest -->
        <test-method status="FAIL" signature="loginLogoutTestWtihIncorrectCredencials(java.lang.String, java.lang.String)[pri:0, instance:testNG.loginLogoutDataDriveTesintUsingTestNG@1e397ed7]" name="loginLogoutTestWtihIncorrectCredencials" duration-ms="12" started-at="2018-03-01T17:31:16Z" data-provider="dpIncorrectCredencials" finished-at="2018-03-01T17:31:16Z">
          <params>
            <param index="0">
              <value>
                <![CDATA[d%^7rtyrty]]>
              </value>
            </param>
            <param index="1">
              <value>
                <![CDATA[d]]>
              </value>
            </param>
          </params>
          <exception class="org.openqa.selenium.NoSuchWindowException">
            <message>
              <![CDATA[no such window: target window already closed
from unknown error: web view not found
  (Session info: chrome=64.0.3282.167)
  (Driver info: chromedriver=2.30.477700 (0057494ad8732195794a7b32078424f92a5fce41),platform=Windows NT 10.0.16299 x86_64) (WARNING: The server did not provide any stacktrace information)
Command duration or timeout: 11 milliseconds
Build info: version: '3.4.0', revision: 'unknown', time: 'unknown'
System info: host: 'LAPTOP-RO5NS03S', ip: '192.168.99.1', os.name: 'Windows 10', os.arch: 'amd64', os.version: '10.0', java.version: '1.8.0_131'
Driver info: org.openqa.selenium.chrome.ChromeDriver
Capabilities [{applicationCacheEnabled=false, rotatable=false, mobileEmulationEnabled=false, networkConnectionEnabled=false, chrome={chromedriverVersion=2.30.477700 (0057494ad8732195794a7b32078424f92a5fce41), userDataDir=C:\Users\solomon\AppData\Local\Temp\scoped_dir9504_26430}, takesHeapSnapshot=true, pageLoadStrategy=normal, databaseEnabled=false, handlesAlerts=true, hasTouchScreen=false, version=64.0.3282.167, platform=XP, browserConnectionEnabled=false, nativeEvents=true, acceptSslCerts=true, locationContextEnabled=true, webStorageEnabled=true, browserName=chrome, takesScreenshot=true, javascriptEnabled=true, cssSelectorsEnabled=true, unexpectedAlertBehaviour=}]
Session ID: 51963351059cc51485f6bfa642086733
*** Element info: {Using=name, value=userName}]]>
            </message>
            <full-stacktrace>
              <![CDATA[org.openqa.selenium.NoSuchWindowException: no such window: target window already closed
from unknown error: web view not found
  (Session info: chrome=64.0.3282.167)
  (Driver info: chromedriver=2.30.477700 (0057494ad8732195794a7b32078424f92a5fce41),platform=Windows NT 10.0.16299 x86_64) (WARNING: The server did not provide any stacktrace information)
Command duration or timeout: 11 milliseconds
Build info: version: '3.4.0', revision: 'unknown', time: 'unknown'
System info: host: 'LAPTOP-RO5NS03S', ip: '192.168.99.1', os.name: 'Windows 10', os.arch: 'amd64', os.version: '10.0', java.version: '1.8.0_131'
Driver info: org.openqa.selenium.chrome.ChromeDriver
Capabilities [{applicationCacheEnabled=false, rotatable=false, mobileEmulationEnabled=false, networkConnectionEnabled=false, chrome={chromedriverVersion=2.30.477700 (0057494ad8732195794a7b32078424f92a5fce41), userDataDir=C:\Users\solomon\AppData\Local\Temp\scoped_dir9504_26430}, takesHeapSnapshot=true, pageLoadStrategy=normal, databaseEnabled=false, handlesAlerts=true, hasTouchScreen=false, version=64.0.3282.167, platform=XP, browserConnectionEnabled=false, nativeEvents=true, acceptSslCerts=true, locationContextEnabled=true, webStorageEnabled=true, browserName=chrome, takesScreenshot=true, javascriptEnabled=true, cssSelectorsEnabled=true, unexpectedAlertBehaviour=}]
Session ID: 51963351059cc51485f6bfa642086733
*** Element info: {Using=name, value=userName}
	at sun.reflect.NativeConstructorAccessorImpl.newInstance0(Native Method)
	at sun.reflect.NativeConstructorAccessorImpl.newInstance(NativeConstructorAccessorImpl.java:62)
	at sun.reflect.DelegatingConstructorAccessorImpl.newInstance(DelegatingConstructorAccessorImpl.java:45)
	at java.lang.reflect.Constructor.newInstance(Constructor.java:423)
	at org.openqa.selenium.remote.ErrorHandler.createThrowable(ErrorHandler.java:215)
	at org.openqa.selenium.remote.ErrorHandler.throwIfResponseFailed(ErrorHandler.java:167)
	at org.openqa.selenium.remote.RemoteWebDriver.execute(RemoteWebDriver.java:671)
	at org.openqa.selenium.remote.RemoteWebDriver.findElement(RemoteWebDriver.java:410)
	at org.openqa.selenium.remote.RemoteWebDriver.findElementByName(RemoteWebDriver.java:485)
	at org.openqa.selenium.By$ByName.findElement(By.java:303)
	at org.openqa.selenium.remote.RemoteWebDriver.findElement(RemoteWebDriver.java:402)
	at testNG.loginLogoutDataDriveTesintUsingTestNG.loginLogoutTestWtihIncorrectCredencials(loginLogoutDataDriveTesintUsingTestNG.java:74)
	at sun.reflect.NativeMethodAccessorImpl.invoke0(Native Method)
	at sun.reflect.NativeMethodAccessorImpl.invoke(NativeMethodAccessorImpl.java:62)
	at sun.reflect.DelegatingMethodAccessorImpl.invoke(DelegatingMethodAccessorImpl.java:43)
	at java.lang.reflect.Method.invoke(Method.java:498)
	at org.testng.internal.MethodInvocationHelper.invokeMethod(MethodInvocationHelper.java:80)
	at org.testng.internal.Invoker.invokeMethod(Invoker.java:714)
	at org.testng.internal.Invoker.invokeTestMethod(Invoker.java:901)
	at org.testng.internal.Invoker.invokeTestMethods(Invoker.java:1231)
	at org.testng.internal.TestMethodWorker.invokeTestMethods(TestMethodWorker.java:127)
	at org.testng.internal.TestMethodWorker.run(TestMethodWorker.java:111)
	at org.testng.TestRunner.privateRun(TestRunner.java:767)
	at org.testng.TestRunner.run(TestRunner.java:617)
	at org.testng.SuiteRunner.runTest(SuiteRunner.java:334)
	at org.testng.SuiteRunner.runSequentially(SuiteRunner.java:329)
	at org.testng.SuiteRunner.privateRun(SuiteRunner.java:291)
	at org.testng.SuiteRunner.run(SuiteRunner.java:240)
	at org.testng.SuiteRunnerWorker.runSuite(SuiteRunnerWorker.java:52)
	at org.testng.SuiteRunnerWorker.run(SuiteRunnerWorker.java:86)
	at org.testng.TestNG.runSuitesSequentially(TestNG.java:1198)
	at org.testng.TestNG.runSuitesLocally(TestNG.java:1123)
	at org.testng.TestNG.run(TestNG.java:1031)
	at org.testng.remote.AbstractRemoteTestNG.run(AbstractRemoteTestNG.java:114)
	at org.testng.remote.RemoteTestNG.initAndRun(RemoteTestNG.java:251)
	at org.testng.remote.RemoteTestNG.main(RemoteTestNG.java:77)
]]>
            </full-stacktrace>
          </exception> <!-- org.openqa.selenium.NoSuchWindowException -->
          <reporter-output>
            <line>
              <![CDATA[org.testng.internal.InvokedMethod, loginLogoutDataDriveTesintUsingTestNG.loginLogoutTestWtihIncorrectCredencials(java.lang.String, java.lang.String)[pri:0, instance:testNG.loginLogoutDataDriveTesintUsingTestNG@1e397ed7]]]>
            </line>
            <line>
              <![CDATA[org.testng.internal.InvokedMethod, loginLogoutDataDriveTesintUsingTestNG.loginLogoutTestWtihIncorrectCredencials(java.lang.String, java.lang.String)[pri:0, instance:testNG.loginLogoutDataDriveTesintUsingTestNG@1e397ed7]]]>
            </line>
            <line>
              <![CDATA[This test is : testNG.loginLogoutDataDriveTesintUsingTestNG]]>
            </line>
            <line>
              <![CDATA[The current parameter methods are : , d%^7rtyrty, d]]>
            </line>
            <line>
              <![CDATA[ Status of the test is: Failed]]>
            </line>
          </reporter-output>
        </test-method> <!-- loginLogoutTestWtihIncorrectCredencials -->
        <test-method status="PASS" signature="beforeTest()[pri:0, instance:testNG.loginLogoutDataDriveTesintUsingTestNG@1e397ed7]" name="beforeTest" is-config="true" duration-ms="1" started-at="2018-03-01T17:31:16Z" finished-at="2018-03-01T17:31:16Z">
          <reporter-output>
            <line>
              <![CDATA[org.testng.internal.InvokedMethod, loginLogoutDataDriveTesintUsingTestNG.beforeTest()[pri:0, instance:testNG.loginLogoutDataDriveTesintUsingTestNG@1e397ed7]]]>
            </line>
            <line>
              <![CDATA[org.testng.internal.InvokedMethod, loginLogoutDataDriveTesintUsingTestNG.beforeTest()[pri:0, instance:testNG.loginLogoutDataDriveTesintUsingTestNG@1e397ed7]]]>
            </line>
          </reporter-output>
        </test-method> <!-- beforeTest -->
        <test-method status="FAIL" signature="loginLogoutTestWtihIncorrectCredencials(java.lang.String, java.lang.String)[pri:0, instance:testNG.loginLogoutDataDriveTesintUsingTestNG@1e397ed7]" name="loginLogoutTestWtihIncorrectCredencials" duration-ms="20" started-at="2018-03-01T17:31:16Z" data-provider="dpIncorrectCredencials" finished-at="2018-03-01T17:31:16Z">
          <params>
            <param index="0">
              <value>
                <![CDATA[e13311]]>
              </value>
            </param>
            <param index="1">
              <value>
                <![CDATA[e]]>
              </value>
            </param>
          </params>
          <exception class="org.openqa.selenium.NoSuchWindowException">
            <message>
              <![CDATA[no such window: target window already closed
from unknown error: web view not found
  (Session info: chrome=64.0.3282.167)
  (Driver info: chromedriver=2.30.477700 (0057494ad8732195794a7b32078424f92a5fce41),platform=Windows NT 10.0.16299 x86_64) (WARNING: The server did not provide any stacktrace information)
Command duration or timeout: 16 milliseconds
Build info: version: '3.4.0', revision: 'unknown', time: 'unknown'
System info: host: 'LAPTOP-RO5NS03S', ip: '192.168.99.1', os.name: 'Windows 10', os.arch: 'amd64', os.version: '10.0', java.version: '1.8.0_131'
Driver info: org.openqa.selenium.chrome.ChromeDriver
Capabilities [{applicationCacheEnabled=false, rotatable=false, mobileEmulationEnabled=false, networkConnectionEnabled=false, chrome={chromedriverVersion=2.30.477700 (0057494ad8732195794a7b32078424f92a5fce41), userDataDir=C:\Users\solomon\AppData\Local\Temp\scoped_dir9504_26430}, takesHeapSnapshot=true, pageLoadStrategy=normal, databaseEnabled=false, handlesAlerts=true, hasTouchScreen=false, version=64.0.3282.167, platform=XP, browserConnectionEnabled=false, nativeEvents=true, acceptSslCerts=true, locationContextEnabled=true, webStorageEnabled=true, browserName=chrome, takesScreenshot=true, javascriptEnabled=true, cssSelectorsEnabled=true, unexpectedAlertBehaviour=}]
Session ID: 51963351059cc51485f6bfa642086733
*** Element info: {Using=name, value=userName}]]>
            </message>
            <full-stacktrace>
              <![CDATA[org.openqa.selenium.NoSuchWindowException: no such window: target window already closed
from unknown error: web view not found
  (Session info: chrome=64.0.3282.167)
  (Driver info: chromedriver=2.30.477700 (0057494ad8732195794a7b32078424f92a5fce41),platform=Windows NT 10.0.16299 x86_64) (WARNING: The server did not provide any stacktrace information)
Command duration or timeout: 16 milliseconds
Build info: version: '3.4.0', revision: 'unknown', time: 'unknown'
System info: host: 'LAPTOP-RO5NS03S', ip: '192.168.99.1', os.name: 'Windows 10', os.arch: 'amd64', os.version: '10.0', java.version: '1.8.0_131'
Driver info: org.openqa.selenium.chrome.ChromeDriver
Capabilities [{applicationCacheEnabled=false, rotatable=false, mobileEmulationEnabled=false, networkConnectionEnabled=false, chrome={chromedriverVersion=2.30.477700 (0057494ad8732195794a7b32078424f92a5fce41), userDataDir=C:\Users\solomon\AppData\Local\Temp\scoped_dir9504_26430}, takesHeapSnapshot=true, pageLoadStrategy=normal, databaseEnabled=false, handlesAlerts=true, hasTouchScreen=false, version=64.0.3282.167, platform=XP, browserConnectionEnabled=false, nativeEvents=true, acceptSslCerts=true, locationContextEnabled=true, webStorageEnabled=true, browserName=chrome, takesScreenshot=true, javascriptEnabled=true, cssSelectorsEnabled=true, unexpectedAlertBehaviour=}]
Session ID: 51963351059cc51485f6bfa642086733
*** Element info: {Using=name, value=userName}
	at sun.reflect.NativeConstructorAccessorImpl.newInstance0(Native Method)
	at sun.reflect.NativeConstructorAccessorImpl.newInstance(NativeConstructorAccessorImpl.java:62)
	at sun.reflect.DelegatingConstructorAccessorImpl.newInstance(DelegatingConstructorAccessorImpl.java:45)
	at java.lang.reflect.Constructor.newInstance(Constructor.java:423)
	at org.openqa.selenium.remote.ErrorHandler.createThrowable(ErrorHandler.java:215)
	at org.openqa.selenium.remote.ErrorHandler.throwIfResponseFailed(ErrorHandler.java:167)
	at org.openqa.selenium.remote.RemoteWebDriver.execute(RemoteWebDriver.java:671)
	at org.openqa.selenium.remote.RemoteWebDriver.findElement(RemoteWebDriver.java:410)
	at org.openqa.selenium.remote.RemoteWebDriver.findElementByName(RemoteWebDriver.java:485)
	at org.openqa.selenium.By$ByName.findElement(By.java:303)
	at org.openqa.selenium.remote.RemoteWebDriver.findElement(RemoteWebDriver.java:402)
	at testNG.loginLogoutDataDriveTesintUsingTestNG.loginLogoutTestWtihIncorrectCredencials(loginLogoutDataDriveTesintUsingTestNG.java:74)
	at sun.reflect.NativeMethodAccessorImpl.invoke0(Native Method)
	at sun.reflect.NativeMethodAccessorImpl.invoke(NativeMethodAccessorImpl.java:62)
	at sun.reflect.DelegatingMethodAccessorImpl.invoke(DelegatingMethodAccessorImpl.java:43)
	at java.lang.reflect.Method.invoke(Method.java:498)
	at org.testng.internal.MethodInvocationHelper.invokeMethod(MethodInvocationHelper.java:80)
	at org.testng.internal.Invoker.invokeMethod(Invoker.java:714)
	at org.testng.internal.Invoker.invokeTestMethod(Invoker.java:901)
	at org.testng.internal.Invoker.invokeTestMethods(Invoker.java:1231)
	at org.testng.internal.TestMethodWorker.invokeTestMethods(TestMethodWorker.java:127)
	at org.testng.internal.TestMethodWorker.run(TestMethodWorker.java:111)
	at org.testng.TestRunner.privateRun(TestRunner.java:767)
	at org.testng.TestRunner.run(TestRunner.java:617)
	at org.testng.SuiteRunner.runTest(SuiteRunner.java:334)
	at org.testng.SuiteRunner.runSequentially(SuiteRunner.java:329)
	at org.testng.SuiteRunner.privateRun(SuiteRunner.java:291)
	at org.testng.SuiteRunner.run(SuiteRunner.java:240)
	at org.testng.SuiteRunnerWorker.runSuite(SuiteRunnerWorker.java:52)
	at org.testng.SuiteRunnerWorker.run(SuiteRunnerWorker.java:86)
	at org.testng.TestNG.runSuitesSequentially(TestNG.java:1198)
	at org.testng.TestNG.runSuitesLocally(TestNG.java:1123)
	at org.testng.TestNG.run(TestNG.java:1031)
	at org.testng.remote.AbstractRemoteTestNG.run(AbstractRemoteTestNG.java:114)
	at org.testng.remote.RemoteTestNG.initAndRun(RemoteTestNG.java:251)
	at org.testng.remote.RemoteTestNG.main(RemoteTestNG.java:77)
]]>
            </full-stacktrace>
          </exception> <!-- org.openqa.selenium.NoSuchWindowException -->
          <reporter-output>
            <line>
              <![CDATA[org.testng.internal.InvokedMethod, loginLogoutDataDriveTesintUsingTestNG.loginLogoutTestWtihIncorrectCredencials(java.lang.String, java.lang.String)[pri:0, instance:testNG.loginLogoutDataDriveTesintUsingTestNG@1e397ed7]]]>
            </line>
            <line>
              <![CDATA[org.testng.internal.InvokedMethod, loginLogoutDataDriveTesintUsingTestNG.loginLogoutTestWtihIncorrectCredencials(java.lang.String, java.lang.String)[pri:0, instance:testNG.loginLogoutDataDriveTesintUsingTestNG@1e397ed7]]]>
            </line>
            <line>
              <![CDATA[This test is : testNG.loginLogoutDataDriveTesintUsingTestNG]]>
            </line>
            <line>
              <![CDATA[The current parameter methods are : , e13311, e]]>
            </line>
            <line>
              <![CDATA[ Status of the test is: Failed]]>
            </line>
          </reporter-output>
        </test-method> <!-- loginLogoutTestWtihIncorrectCredencials -->
        <test-method status="PASS" signature="beforeTest()[pri:0, instance:testNG.loginLogoutDataDriveTesintUsingTestNG@1e397ed7]" name="beforeTest" is-config="true" duration-ms="1" started-at="2018-03-01T17:31:16Z" finished-at="2018-03-01T17:31:16Z">
          <reporter-output>
            <line>
              <![CDATA[org.testng.internal.InvokedMethod, loginLogoutDataDriveTesintUsingTestNG.beforeTest()[pri:0, instance:testNG.loginLogoutDataDriveTesintUsingTestNG@1e397ed7]]]>
            </line>
            <line>
              <![CDATA[org.testng.internal.InvokedMethod, loginLogoutDataDriveTesintUsingTestNG.beforeTest()[pri:0, instance:testNG.loginLogoutDataDriveTesintUsingTestNG@1e397ed7]]]>
            </line>
          </reporter-output>
        </test-method> <!-- beforeTest -->
        <test-method status="FAIL" signature="loginLogoutTestWtihIncorrectCredencials(java.lang.String, java.lang.String)[pri:0, instance:testNG.loginLogoutDataDriveTesintUsingTestNG@1e397ed7]" name="loginLogoutTestWtihIncorrectCredencials" duration-ms="24" started-at="2018-03-01T17:31:16Z" data-provider="dpIncorrectCredencials" finished-at="2018-03-01T17:31:16Z">
          <params>
            <param index="0">
              <value>
                <![CDATA[f#$#$#]]>
              </value>
            </param>
            <param index="1">
              <value>
                <![CDATA[f]]>
              </value>
            </param>
          </params>
          <exception class="org.openqa.selenium.NoSuchWindowException">
            <message>
              <![CDATA[no such window: target window already closed
from unknown error: web view not found
  (Session info: chrome=64.0.3282.167)
  (Driver info: chromedriver=2.30.477700 (0057494ad8732195794a7b32078424f92a5fce41),platform=Windows NT 10.0.16299 x86_64) (WARNING: The server did not provide any stacktrace information)
Command duration or timeout: 20 milliseconds
Build info: version: '3.4.0', revision: 'unknown', time: 'unknown'
System info: host: 'LAPTOP-RO5NS03S', ip: '192.168.99.1', os.name: 'Windows 10', os.arch: 'amd64', os.version: '10.0', java.version: '1.8.0_131'
Driver info: org.openqa.selenium.chrome.ChromeDriver
Capabilities [{applicationCacheEnabled=false, rotatable=false, mobileEmulationEnabled=false, networkConnectionEnabled=false, chrome={chromedriverVersion=2.30.477700 (0057494ad8732195794a7b32078424f92a5fce41), userDataDir=C:\Users\solomon\AppData\Local\Temp\scoped_dir9504_26430}, takesHeapSnapshot=true, pageLoadStrategy=normal, databaseEnabled=false, handlesAlerts=true, hasTouchScreen=false, version=64.0.3282.167, platform=XP, browserConnectionEnabled=false, nativeEvents=true, acceptSslCerts=true, locationContextEnabled=true, webStorageEnabled=true, browserName=chrome, takesScreenshot=true, javascriptEnabled=true, cssSelectorsEnabled=true, unexpectedAlertBehaviour=}]
Session ID: 51963351059cc51485f6bfa642086733
*** Element info: {Using=name, value=userName}]]>
            </message>
            <full-stacktrace>
              <![CDATA[org.openqa.selenium.NoSuchWindowException: no such window: target window already closed
from unknown error: web view not found
  (Session info: chrome=64.0.3282.167)
  (Driver info: chromedriver=2.30.477700 (0057494ad8732195794a7b32078424f92a5fce41),platform=Windows NT 10.0.16299 x86_64) (WARNING: The server did not provide any stacktrace information)
Command duration or timeout: 20 milliseconds
Build info: version: '3.4.0', revision: 'unknown', time: 'unknown'
System info: host: 'LAPTOP-RO5NS03S', ip: '192.168.99.1', os.name: 'Windows 10', os.arch: 'amd64', os.version: '10.0', java.version: '1.8.0_131'
Driver info: org.openqa.selenium.chrome.ChromeDriver
Capabilities [{applicationCacheEnabled=false, rotatable=false, mobileEmulationEnabled=false, networkConnectionEnabled=false, chrome={chromedriverVersion=2.30.477700 (0057494ad8732195794a7b32078424f92a5fce41), userDataDir=C:\Users\solomon\AppData\Local\Temp\scoped_dir9504_26430}, takesHeapSnapshot=true, pageLoadStrategy=normal, databaseEnabled=false, handlesAlerts=true, hasTouchScreen=false, version=64.0.3282.167, platform=XP, browserConnectionEnabled=false, nativeEvents=true, acceptSslCerts=true, locationContextEnabled=true, webStorageEnabled=true, browserName=chrome, takesScreenshot=true, javascriptEnabled=true, cssSelectorsEnabled=true, unexpectedAlertBehaviour=}]
Session ID: 51963351059cc51485f6bfa642086733
*** Element info: {Using=name, value=userName}
	at sun.reflect.NativeConstructorAccessorImpl.newInstance0(Native Method)
	at sun.reflect.NativeConstructorAccessorImpl.newInstance(NativeConstructorAccessorImpl.java:62)
	at sun.reflect.DelegatingConstructorAccessorImpl.newInstance(DelegatingConstructorAccessorImpl.java:45)
	at java.lang.reflect.Constructor.newInstance(Constructor.java:423)
	at org.openqa.selenium.remote.ErrorHandler.createThrowable(ErrorHandler.java:215)
	at org.openqa.selenium.remote.ErrorHandler.throwIfResponseFailed(ErrorHandler.java:167)
	at org.openqa.selenium.remote.RemoteWebDriver.execute(RemoteWebDriver.java:671)
	at org.openqa.selenium.remote.RemoteWebDriver.findElement(RemoteWebDriver.java:410)
	at org.openqa.selenium.remote.RemoteWebDriver.findElementByName(RemoteWebDriver.java:485)
	at org.openqa.selenium.By$ByName.findElement(By.java:303)
	at org.openqa.selenium.remote.RemoteWebDriver.findElement(RemoteWebDriver.java:402)
	at testNG.loginLogoutDataDriveTesintUsingTestNG.loginLogoutTestWtihIncorrectCredencials(loginLogoutDataDriveTesintUsingTestNG.java:74)
	at sun.reflect.NativeMethodAccessorImpl.invoke0(Native Method)
	at sun.reflect.NativeMethodAccessorImpl.invoke(NativeMethodAccessorImpl.java:62)
	at sun.reflect.DelegatingMethodAccessorImpl.invoke(DelegatingMethodAccessorImpl.java:43)
	at java.lang.reflect.Method.invoke(Method.java:498)
	at org.testng.internal.MethodInvocationHelper.invokeMethod(MethodInvocationHelper.java:80)
	at org.testng.internal.Invoker.invokeMethod(Invoker.java:714)
	at org.testng.internal.Invoker.invokeTestMethod(Invoker.java:901)
	at org.testng.internal.Invoker.invokeTestMethods(Invoker.java:1231)
	at org.testng.internal.TestMethodWorker.invokeTestMethods(TestMethodWorker.java:127)
	at org.testng.internal.TestMethodWorker.run(TestMethodWorker.java:111)
	at org.testng.TestRunner.privateRun(TestRunner.java:767)
	at org.testng.TestRunner.run(TestRunner.java:617)
	at org.testng.SuiteRunner.runTest(SuiteRunner.java:334)
	at org.testng.SuiteRunner.runSequentially(SuiteRunner.java:329)
	at org.testng.SuiteRunner.privateRun(SuiteRunner.java:291)
	at org.testng.SuiteRunner.run(SuiteRunner.java:240)
	at org.testng.SuiteRunnerWorker.runSuite(SuiteRunnerWorker.java:52)
	at org.testng.SuiteRunnerWorker.run(SuiteRunnerWorker.java:86)
	at org.testng.TestNG.runSuitesSequentially(TestNG.java:1198)
	at org.testng.TestNG.runSuitesLocally(TestNG.java:1123)
	at org.testng.TestNG.run(TestNG.java:1031)
	at org.testng.remote.AbstractRemoteTestNG.run(AbstractRemoteTestNG.java:114)
	at org.testng.remote.RemoteTestNG.initAndRun(RemoteTestNG.java:251)
	at org.testng.remote.RemoteTestNG.main(RemoteTestNG.java:77)
]]>
            </full-stacktrace>
          </exception> <!-- org.openqa.selenium.NoSuchWindowException -->
          <reporter-output>
            <line>
              <![CDATA[org.testng.internal.InvokedMethod, loginLogoutDataDriveTesintUsingTestNG.loginLogoutTestWtihIncorrectCredencials(java.lang.String, java.lang.String)[pri:0, instance:testNG.loginLogoutDataDriveTesintUsingTestNG@1e397ed7]]]>
            </line>
            <line>
              <![CDATA[org.testng.internal.InvokedMethod, loginLogoutDataDriveTesintUsingTestNG.loginLogoutTestWtihIncorrectCredencials(java.lang.String, java.lang.String)[pri:0, instance:testNG.loginLogoutDataDriveTesintUsingTestNG@1e397ed7]]]>
            </line>
            <line>
              <![CDATA[This test is : testNG.loginLogoutDataDriveTesintUsingTestNG]]>
            </line>
            <line>
              <![CDATA[The current parameter methods are : , f#$#$#, f]]>
            </line>
            <line>
              <![CDATA[ Status of the test is: Failed]]>
            </line>
          </reporter-output>
        </test-method> <!-- loginLogoutTestWtihIncorrectCredencials -->
        <test-method status="PASS" signature="afterClass()[pri:0, instance:testNG.loginLogoutDataDriveTesintUsingTestNG@1e397ed7]" name="afterClass" is-config="true" duration-ms="1601" started-at="2018-03-01T17:31:16Z" finished-at="2018-03-01T17:31:18Z">
          <reporter-output>
            <line>
              <![CDATA[org.testng.internal.InvokedMethod, loginLogoutDataDriveTesintUsingTestNG.afterClass()[pri:0, instance:testNG.loginLogoutDataDriveTesintUsingTestNG@1e397ed7]]]>
            </line>
            <line>
              <![CDATA[org.testng.internal.InvokedMethod, loginLogoutDataDriveTesintUsingTestNG.afterClass()[pri:0, instance:testNG.loginLogoutDataDriveTesintUsingTestNG@1e397ed7]]]>
            </line>
          </reporter-output>
        </test-method> <!-- afterClass -->
      </class> <!-- testNG.loginLogoutDataDriveTesintUsingTestNG -->
    </test> <!-- Default test -->
  </suite> <!-- Default suite -->
</testng-results>
